{"C:\\Users\\david\\dev\\sfdc\\server\\src\\app.js": {"path":"C:\\Users\\david\\dev\\sfdc\\server\\src\\app.js","statementMap":{"0":{"start":{"line":33,"column":12},"end":{"line":33,"column":21}},"1":{"start":{"line":36,"column":0},"end":{"line":36,"column":41}},"2":{"start":{"line":39,"column":0},"end":{"line":39,"column":24}},"3":{"start":{"line":42,"column":0},"end":{"line":42,"column":25}},"4":{"start":{"line":45,"column":0},"end":{"line":45,"column":18}},"5":{"start":{"line":48,"column":0},"end":{"line":53,"column":2}},"6":{"start":{"line":56,"column":0},"end":{"line":56,"column":31}},"7":{"start":{"line":59,"column":0},"end":{"line":61,"column":1}},"8":{"start":{"line":60,"column":2},"end":{"line":60,"column":25}},"9":{"start":{"line":64,"column":16},"end":{"line":67,"column":2}},"10":{"start":{"line":68,"column":0},"end":{"line":68,"column":26}},"11":{"start":{"line":71,"column":0},"end":{"line":73,"column":3}},"12":{"start":{"line":72,"column":2},"end":{"line":72,"column":41}},"13":{"start":{"line":76,"column":0},"end":{"line":76,"column":33}},"14":{"start":{"line":77,"column":0},"end":{"line":77,"column":40}},"15":{"start":{"line":78,"column":0},"end":{"line":78,"column":40}},"16":{"start":{"line":79,"column":0},"end":{"line":79,"column":34}},"17":{"start":{"line":80,"column":0},"end":{"line":80,"column":49}},"18":{"start":{"line":81,"column":0},"end":{"line":81,"column":43}},"19":{"start":{"line":82,"column":0},"end":{"line":82,"column":34}},"20":{"start":{"line":83,"column":0},"end":{"line":83,"column":38}},"21":{"start":{"line":84,"column":0},"end":{"line":84,"column":48}},"22":{"start":{"line":85,"column":0},"end":{"line":85,"column":41}},"23":{"start":{"line":86,"column":0},"end":{"line":86,"column":45}},"24":{"start":{"line":87,"column":0},"end":{"line":87,"column":37}},"25":{"start":{"line":88,"column":0},"end":{"line":88,"column":35}},"26":{"start":{"line":89,"column":0},"end":{"line":89,"column":34}},"27":{"start":{"line":90,"column":0},"end":{"line":90,"column":46}},"28":{"start":{"line":93,"column":0},"end":{"line":98,"column":3}},"29":{"start":{"line":94,"column":2},"end":{"line":97,"column":5}},"30":{"start":{"line":101,"column":0},"end":{"line":101,"column":22}}},"fnMap":{"0":{"name":"(anonymous_0)","decl":{"start":{"line":71,"column":19},"end":{"line":71,"column":20}},"loc":{"start":{"line":71,"column":33},"end":{"line":73,"column":1}},"line":71},"1":{"name":"(anonymous_1)","decl":{"start":{"line":93,"column":8},"end":{"line":93,"column":9}},"loc":{"start":{"line":93,"column":22},"end":{"line":98,"column":1}},"line":93}},"branchMap":{"0":{"loc":{"start":{"line":50,"column":12},"end":{"line":50,"column":61}},"type":"binary-expr","locations":[{"start":{"line":50,"column":12},"end":{"line":50,"column":34}},{"start":{"line":50,"column":38},"end":{"line":50,"column":61}}],"line":50},"1":{"loc":{"start":{"line":59,"column":0},"end":{"line":61,"column":1}},"type":"if","locations":[{"start":{"line":59,"column":0},"end":{"line":61,"column":1}},{"start":{},"end":{}}],"line":59}},"s":{"0":11,"1":11,"2":11,"3":11,"4":11,"5":11,"6":11,"7":11,"8":0,"9":11,"10":11,"11":11,"12":0,"13":11,"14":11,"15":11,"16":11,"17":11,"18":11,"19":11,"20":11,"21":11,"22":11,"23":11,"24":11,"25":11,"26":11,"27":11,"28":11,"29":0,"30":11},"f":{"0":0,"1":0},"b":{"0":[11,11],"1":[0,11]},"inputSourceMap":null,"_coverageSchema":"1a1c01bbd47fc00a2c39e90264f33305004495a9","hash":"0eb1afc3432815b1730561cca1ca68121b2445f6"}
,"C:\\Users\\david\\dev\\sfdc\\server\\src\\config\\passport.js": {"path":"C:\\Users\\david\\dev\\sfdc\\server\\src\\config\\passport.js","statementMap":{"0":{"start":{"line":6,"column":0},"end":{"line":8,"column":3}},"1":{"start":{"line":7,"column":2},"end":{"line":7,"column":22}},"2":{"start":{"line":10,"column":0},"end":{"line":17,"column":3}},"3":{"start":{"line":11,"column":2},"end":{"line":16,"column":3}},"4":{"start":{"line":12,"column":17},"end":{"line":12,"column":40}},"5":{"start":{"line":13,"column":4},"end":{"line":13,"column":21}},"6":{"start":{"line":15,"column":4},"end":{"line":15,"column":22}},"7":{"start":{"line":20,"column":0},"end":{"line":57,"column":1}},"8":{"start":{"line":21,"column":2},"end":{"line":56,"column":4}},"9":{"start":{"line":29,"column":8},"end":{"line":53,"column":9}},"10":{"start":{"line":30,"column":21},"end":{"line":30,"column":65}},"11":{"start":{"line":32,"column":10},"end":{"line":48,"column":11}},"12":{"start":{"line":33,"column":12},"end":{"line":33,"column":74}},"13":{"start":{"line":35,"column":12},"end":{"line":47,"column":13}},"14":{"start":{"line":36,"column":14},"end":{"line":36,"column":41}},"15":{"start":{"line":37,"column":14},"end":{"line":37,"column":68}},"16":{"start":{"line":38,"column":14},"end":{"line":38,"column":32}},"17":{"start":{"line":40,"column":14},"end":{"line":46,"column":17}},"18":{"start":{"line":50,"column":10},"end":{"line":50,"column":27}},"19":{"start":{"line":52,"column":10},"end":{"line":52,"column":28}},"20":{"start":{"line":60,"column":0},"end":{"line":98,"column":1}},"21":{"start":{"line":61,"column":2},"end":{"line":97,"column":4}},"22":{"start":{"line":69,"column":8},"end":{"line":94,"column":9}},"23":{"start":{"line":70,"column":21},"end":{"line":70,"column":65}},"24":{"start":{"line":72,"column":10},"end":{"line":89,"column":11}},"25":{"start":{"line":73,"column":26},"end":{"line":73,"column":96}},"26":{"start":{"line":74,"column":12},"end":{"line":74,"column":49}},"27":{"start":{"line":76,"column":12},"end":{"line":88,"column":13}},"28":{"start":{"line":77,"column":14},"end":{"line":77,"column":41}},"29":{"start":{"line":78,"column":14},"end":{"line":78,"column":68}},"30":{"start":{"line":79,"column":14},"end":{"line":79,"column":32}},"31":{"start":{"line":81,"column":14},"end":{"line":87,"column":17}},"32":{"start":{"line":91,"column":10},"end":{"line":91,"column":27}},"33":{"start":{"line":93,"column":10},"end":{"line":93,"column":28}}},"fnMap":{"0":{"name":"(anonymous_0)","decl":{"start":{"line":6,"column":23},"end":{"line":6,"column":24}},"loc":{"start":{"line":6,"column":39},"end":{"line":8,"column":1}},"line":6},"1":{"name":"(anonymous_1)","decl":{"start":{"line":10,"column":25},"end":{"line":10,"column":26}},"loc":{"start":{"line":10,"column":45},"end":{"line":17,"column":1}},"line":10},"2":{"name":"(anonymous_2)","decl":{"start":{"line":28,"column":6},"end":{"line":28,"column":7}},"loc":{"start":{"line":28,"column":58},"end":{"line":54,"column":7}},"line":28},"3":{"name":"(anonymous_3)","decl":{"start":{"line":68,"column":6},"end":{"line":68,"column":7}},"loc":{"start":{"line":68,"column":58},"end":{"line":95,"column":7}},"line":68}},"branchMap":{"0":{"loc":{"start":{"line":20,"column":0},"end":{"line":57,"column":1}},"type":"if","locations":[{"start":{"line":20,"column":0},"end":{"line":57,"column":1}},{"start":{},"end":{}}],"line":20},"1":{"loc":{"start":{"line":20,"column":4},"end":{"line":20,"column":68}},"type":"binary-expr","locations":[{"start":{"line":20,"column":4},"end":{"line":20,"column":32}},{"start":{"line":20,"column":36},"end":{"line":20,"column":68}}],"line":20},"2":{"loc":{"start":{"line":32,"column":10},"end":{"line":48,"column":11}},"type":"if","locations":[{"start":{"line":32,"column":10},"end":{"line":48,"column":11}},{"start":{},"end":{}}],"line":32},"3":{"loc":{"start":{"line":35,"column":12},"end":{"line":47,"column":13}},"type":"if","locations":[{"start":{"line":35,"column":12},"end":{"line":47,"column":13}},{"start":{"line":39,"column":19},"end":{"line":47,"column":13}}],"line":35},"4":{"loc":{"start":{"line":37,"column":28},"end":{"line":37,"column":67}},"type":"binary-expr","locations":[{"start":{"line":37,"column":28},"end":{"line":37,"column":39}},{"start":{"line":37,"column":43},"end":{"line":37,"column":67}}],"line":37},"5":{"loc":{"start":{"line":60,"column":0},"end":{"line":98,"column":1}},"type":"if","locations":[{"start":{"line":60,"column":0},"end":{"line":98,"column":1}},{"start":{},"end":{}}],"line":60},"6":{"loc":{"start":{"line":60,"column":4},"end":{"line":60,"column":68}},"type":"binary-expr","locations":[{"start":{"line":60,"column":4},"end":{"line":60,"column":32}},{"start":{"line":60,"column":36},"end":{"line":60,"column":68}}],"line":60},"7":{"loc":{"start":{"line":72,"column":10},"end":{"line":89,"column":11}},"type":"if","locations":[{"start":{"line":72,"column":10},"end":{"line":89,"column":11}},{"start":{},"end":{}}],"line":72},"8":{"loc":{"start":{"line":73,"column":26},"end":{"line":73,"column":96}},"type":"binary-expr","locations":[{"start":{"line":73,"column":26},"end":{"line":73,"column":52}},{"start":{"line":73,"column":56},"end":{"line":73,"column":96}}],"line":73},"9":{"loc":{"start":{"line":76,"column":12},"end":{"line":88,"column":13}},"type":"if","locations":[{"start":{"line":76,"column":12},"end":{"line":88,"column":13}},{"start":{"line":80,"column":19},"end":{"line":88,"column":13}}],"line":76},"10":{"loc":{"start":{"line":78,"column":28},"end":{"line":78,"column":67}},"type":"binary-expr","locations":[{"start":{"line":78,"column":28},"end":{"line":78,"column":39}},{"start":{"line":78,"column":43},"end":{"line":78,"column":67}}],"line":78},"11":{"loc":{"start":{"line":84,"column":22},"end":{"line":84,"column":61}},"type":"binary-expr","locations":[{"start":{"line":84,"column":22},"end":{"line":84,"column":41}},{"start":{"line":84,"column":45},"end":{"line":84,"column":61}}],"line":84}},"s":{"0":11,"1":0,"2":11,"3":0,"4":0,"5":0,"6":0,"7":11,"8":0,"9":0,"10":0,"11":0,"12":0,"13":0,"14":0,"15":0,"16":0,"17":0,"18":0,"19":0,"20":11,"21":0,"22":0,"23":0,"24":0,"25":0,"26":0,"27":0,"28":0,"29":0,"30":0,"31":0,"32":0,"33":0},"f":{"0":0,"1":0,"2":0,"3":0},"b":{"0":[0,11],"1":[11,0],"2":[0,0],"3":[0,0],"4":[0,0],"5":[0,11],"6":[11,0],"7":[0,0],"8":[0,0],"9":[0,0],"10":[0,0],"11":[0,0]},"inputSourceMap":null,"_coverageSchema":"1a1c01bbd47fc00a2c39e90264f33305004495a9","hash":"618b4047b29ef854da1a3f1b54a7df7977cc14ba"}
,"C:\\Users\\david\\dev\\sfdc\\server\\src\\controllers\\accountController.js": {"path":"C:\\Users\\david\\dev\\sfdc\\server\\src\\controllers\\accountController.js","statementMap":{"0":{"start":{"line":6,"column":27},"end":{"line":44,"column":1}},"1":{"start":{"line":7,"column":2},"end":{"line":43,"column":3}},"2":{"start":{"line":8,"column":17},"end":{"line":8,"column":46}},"3":{"start":{"line":9,"column":18},"end":{"line":9,"column":49}},"4":{"start":{"line":10,"column":17},"end":{"line":10,"column":35}},"5":{"start":{"line":12,"column":16},"end":{"line":12,"column":38}},"6":{"start":{"line":15,"column":4},"end":{"line":17,"column":5}},"7":{"start":{"line":16,"column":6},"end":{"line":16,"column":50}},"8":{"start":{"line":20,"column":4},"end":{"line":22,"column":5}},"9":{"start":{"line":21,"column":6},"end":{"line":21,"column":42}},"10":{"start":{"line":24,"column":18},"end":{"line":24,"column":53}},"11":{"start":{"line":25,"column":21},"end":{"line":29,"column":19}},"12":{"start":{"line":31,"column":4},"end":{"line":40,"column":7}},"13":{"start":{"line":42,"column":4},"end":{"line":42,"column":16}},"14":{"start":{"line":48,"column":26},"end":{"line":67,"column":1}},"15":{"start":{"line":49,"column":2},"end":{"line":66,"column":3}},"16":{"start":{"line":50,"column":20},"end":{"line":51,"column":38}},"17":{"start":{"line":53,"column":4},"end":{"line":58,"column":5}},"18":{"start":{"line":54,"column":6},"end":{"line":57,"column":9}},"19":{"start":{"line":60,"column":4},"end":{"line":63,"column":7}},"20":{"start":{"line":65,"column":4},"end":{"line":65,"column":16}},"21":{"start":{"line":71,"column":29},"end":{"line":97,"column":1}},"22":{"start":{"line":72,"column":2},"end":{"line":96,"column":3}},"23":{"start":{"line":73,"column":4},"end":{"line":73,"column":33}},"24":{"start":{"line":74,"column":20},"end":{"line":74,"column":50}},"25":{"start":{"line":77,"column":4},"end":{"line":88,"column":7}},"26":{"start":{"line":81,"column":51},"end":{"line":85,"column":7}},"27":{"start":{"line":90,"column":4},"end":{"line":93,"column":7}},"28":{"start":{"line":95,"column":4},"end":{"line":95,"column":16}},"29":{"start":{"line":101,"column":29},"end":{"line":148,"column":1}},"30":{"start":{"line":102,"column":2},"end":{"line":147,"column":3}},"31":{"start":{"line":103,"column":18},"end":{"line":103,"column":55}},"32":{"start":{"line":105,"column":4},"end":{"line":110,"column":5}},"33":{"start":{"line":106,"column":6},"end":{"line":109,"column":9}},"34":{"start":{"line":113,"column":4},"end":{"line":118,"column":5}},"35":{"start":{"line":114,"column":6},"end":{"line":117,"column":9}},"36":{"start":{"line":121,"column":23},"end":{"line":121,"column":41}},"37":{"start":{"line":123,"column":4},"end":{"line":126,"column":7}},"38":{"start":{"line":129,"column":20},"end":{"line":129,"column":65}},"39":{"start":{"line":130,"column":4},"end":{"line":139,"column":5}},"40":{"start":{"line":131,"column":6},"end":{"line":138,"column":9}},"41":{"start":{"line":141,"column":4},"end":{"line":144,"column":7}},"42":{"start":{"line":146,"column":4},"end":{"line":146,"column":16}},"43":{"start":{"line":152,"column":29},"end":{"line":190,"column":1}},"44":{"start":{"line":153,"column":2},"end":{"line":189,"column":3}},"45":{"start":{"line":154,"column":20},"end":{"line":154,"column":57}},"46":{"start":{"line":156,"column":4},"end":{"line":161,"column":5}},"47":{"start":{"line":157,"column":6},"end":{"line":160,"column":9}},"48":{"start":{"line":164,"column":4},"end":{"line":169,"column":5}},"49":{"start":{"line":165,"column":6},"end":{"line":168,"column":9}},"50":{"start":{"line":172,"column":4},"end":{"line":179,"column":7}},"51":{"start":{"line":181,"column":4},"end":{"line":181,"column":30}},"52":{"start":{"line":183,"column":4},"end":{"line":186,"column":7}},"53":{"start":{"line":188,"column":4},"end":{"line":188,"column":16}}},"fnMap":{"0":{"name":"(anonymous_0)","decl":{"start":{"line":6,"column":27},"end":{"line":6,"column":28}},"loc":{"start":{"line":6,"column":53},"end":{"line":44,"column":1}},"line":6},"1":{"name":"(anonymous_1)","decl":{"start":{"line":48,"column":26},"end":{"line":48,"column":27}},"loc":{"start":{"line":48,"column":52},"end":{"line":67,"column":1}},"line":48},"2":{"name":"(anonymous_2)","decl":{"start":{"line":71,"column":29},"end":{"line":71,"column":30}},"loc":{"start":{"line":71,"column":55},"end":{"line":97,"column":1}},"line":71},"3":{"name":"(anonymous_3)","decl":{"start":{"line":81,"column":41},"end":{"line":81,"column":42}},"loc":{"start":{"line":81,"column":51},"end":{"line":85,"column":7}},"line":81},"4":{"name":"(anonymous_4)","decl":{"start":{"line":101,"column":29},"end":{"line":101,"column":30}},"loc":{"start":{"line":101,"column":55},"end":{"line":148,"column":1}},"line":101},"5":{"name":"(anonymous_5)","decl":{"start":{"line":152,"column":29},"end":{"line":152,"column":30}},"loc":{"start":{"line":152,"column":55},"end":{"line":190,"column":1}},"line":152}},"branchMap":{"0":{"loc":{"start":{"line":8,"column":17},"end":{"line":8,"column":46}},"type":"binary-expr","locations":[{"start":{"line":8,"column":17},"end":{"line":8,"column":41}},{"start":{"line":8,"column":45},"end":{"line":8,"column":46}}],"line":8},"1":{"loc":{"start":{"line":9,"column":18},"end":{"line":9,"column":49}},"type":"binary-expr","locations":[{"start":{"line":9,"column":18},"end":{"line":9,"column":43}},{"start":{"line":9,"column":47},"end":{"line":9,"column":49}}],"line":9},"2":{"loc":{"start":{"line":15,"column":4},"end":{"line":17,"column":5}},"type":"if","locations":[{"start":{"line":15,"column":4},"end":{"line":17,"column":5}},{"start":{},"end":{}}],"line":15},"3":{"loc":{"start":{"line":20,"column":4},"end":{"line":22,"column":5}},"type":"if","locations":[{"start":{"line":20,"column":4},"end":{"line":22,"column":5}},{"start":{},"end":{}}],"line":20},"4":{"loc":{"start":{"line":53,"column":4},"end":{"line":58,"column":5}},"type":"if","locations":[{"start":{"line":53,"column":4},"end":{"line":58,"column":5}},{"start":{},"end":{}}],"line":53},"5":{"loc":{"start":{"line":105,"column":4},"end":{"line":110,"column":5}},"type":"if","locations":[{"start":{"line":105,"column":4},"end":{"line":110,"column":5}},{"start":{},"end":{}}],"line":105},"6":{"loc":{"start":{"line":113,"column":4},"end":{"line":118,"column":5}},"type":"if","locations":[{"start":{"line":113,"column":4},"end":{"line":118,"column":5}},{"start":{},"end":{}}],"line":113},"7":{"loc":{"start":{"line":113,"column":8},"end":{"line":113,"column":77}},"type":"binary-expr","locations":[{"start":{"line":113,"column":8},"end":{"line":113,"column":48}},{"start":{"line":113,"column":52},"end":{"line":113,"column":77}}],"line":113},"8":{"loc":{"start":{"line":130,"column":4},"end":{"line":139,"column":5}},"type":"if","locations":[{"start":{"line":130,"column":4},"end":{"line":139,"column":5}},{"start":{},"end":{}}],"line":130},"9":{"loc":{"start":{"line":156,"column":4},"end":{"line":161,"column":5}},"type":"if","locations":[{"start":{"line":156,"column":4},"end":{"line":161,"column":5}},{"start":{},"end":{}}],"line":156},"10":{"loc":{"start":{"line":164,"column":4},"end":{"line":169,"column":5}},"type":"if","locations":[{"start":{"line":164,"column":4},"end":{"line":169,"column":5}},{"start":{},"end":{}}],"line":164},"11":{"loc":{"start":{"line":164,"column":8},"end":{"line":164,"column":77}},"type":"binary-expr","locations":[{"start":{"line":164,"column":8},"end":{"line":164,"column":48}},{"start":{"line":164,"column":52},"end":{"line":164,"column":77}}],"line":164}},"s":{"0":11,"1":2,"2":2,"3":2,"4":2,"5":2,"6":2,"7":0,"8":2,"9":0,"10":2,"11":2,"12":2,"13":0,"14":11,"15":2,"16":2,"17":2,"18":1,"19":1,"20":0,"21":11,"22":1,"23":1,"24":1,"25":1,"26":5,"27":1,"28":0,"29":11,"30":1,"31":1,"32":1,"33":0,"34":1,"35":0,"36":1,"37":1,"38":1,"39":1,"40":1,"41":1,"42":0,"43":11,"44":1,"45":1,"46":1,"47":0,"48":1,"49":0,"50":1,"51":1,"52":1,"53":0},"f":{"0":2,"1":2,"2":1,"3":5,"4":1,"5":1},"b":{"0":[2,1],"1":[2,1],"2":[0,2],"3":[0,2],"4":[1,1],"5":[0,1],"6":[0,1],"7":[1,0],"8":[1,0],"9":[0,1],"10":[0,1],"11":[1,0]},"inputSourceMap":null,"_coverageSchema":"1a1c01bbd47fc00a2c39e90264f33305004495a9","hash":"d54ffa994afda1fc71f542ba27285386c726f3c7"}
,"C:\\Users\\david\\dev\\sfdc\\server\\src\\controllers\\activityController.js": {"path":"C:\\Users\\david\\dev\\sfdc\\server\\src\\controllers\\activityController.js","statementMap":{"0":{"start":{"line":3,"column":29},"end":{"line":51,"column":1}},"1":{"start":{"line":4,"column":2},"end":{"line":50,"column":3}},"2":{"start":{"line":5,"column":17},"end":{"line":5,"column":46}},"3":{"start":{"line":6,"column":18},"end":{"line":6,"column":49}},"4":{"start":{"line":7,"column":17},"end":{"line":7,"column":35}},"5":{"start":{"line":9,"column":16},"end":{"line":9,"column":38}},"6":{"start":{"line":11,"column":4},"end":{"line":13,"column":5}},"7":{"start":{"line":12,"column":6},"end":{"line":12,"column":34}},"8":{"start":{"line":15,"column":4},"end":{"line":17,"column":5}},"9":{"start":{"line":16,"column":6},"end":{"line":16,"column":40}},"10":{"start":{"line":19,"column":4},"end":{"line":21,"column":5}},"11":{"start":{"line":20,"column":6},"end":{"line":20,"column":40}},"12":{"start":{"line":23,"column":4},"end":{"line":25,"column":5}},"13":{"start":{"line":24,"column":6},"end":{"line":24,"column":48}},"14":{"start":{"line":27,"column":18},"end":{"line":27,"column":54}},"15":{"start":{"line":28,"column":23},"end":{"line":36,"column":19}},"16":{"start":{"line":38,"column":4},"end":{"line":47,"column":7}},"17":{"start":{"line":49,"column":4},"end":{"line":49,"column":16}},"18":{"start":{"line":53,"column":27},"end":{"line":75,"column":1}},"19":{"start":{"line":54,"column":2},"end":{"line":74,"column":3}},"20":{"start":{"line":55,"column":21},"end":{"line":59,"column":51}},"21":{"start":{"line":61,"column":4},"end":{"line":66,"column":5}},"22":{"start":{"line":62,"column":6},"end":{"line":65,"column":9}},"23":{"start":{"line":68,"column":4},"end":{"line":71,"column":7}},"24":{"start":{"line":73,"column":4},"end":{"line":73,"column":16}},"25":{"start":{"line":77,"column":30},"end":{"line":89,"column":1}},"26":{"start":{"line":78,"column":2},"end":{"line":88,"column":3}},"27":{"start":{"line":79,"column":4},"end":{"line":79,"column":33}},"28":{"start":{"line":80,"column":21},"end":{"line":80,"column":52}},"29":{"start":{"line":82,"column":4},"end":{"line":85,"column":7}},"30":{"start":{"line":87,"column":4},"end":{"line":87,"column":16}},"31":{"start":{"line":91,"column":30},"end":{"line":121,"column":1}},"32":{"start":{"line":92,"column":2},"end":{"line":120,"column":3}},"33":{"start":{"line":93,"column":19},"end":{"line":93,"column":57}},"34":{"start":{"line":95,"column":4},"end":{"line":100,"column":5}},"35":{"start":{"line":96,"column":6},"end":{"line":99,"column":9}},"36":{"start":{"line":102,"column":4},"end":{"line":107,"column":5}},"37":{"start":{"line":103,"column":6},"end":{"line":106,"column":9}},"38":{"start":{"line":109,"column":4},"end":{"line":112,"column":7}},"39":{"start":{"line":114,"column":4},"end":{"line":117,"column":7}},"40":{"start":{"line":119,"column":4},"end":{"line":119,"column":16}},"41":{"start":{"line":123,"column":30},"end":{"line":150,"column":1}},"42":{"start":{"line":124,"column":2},"end":{"line":149,"column":3}},"43":{"start":{"line":125,"column":21},"end":{"line":125,"column":59}},"44":{"start":{"line":127,"column":4},"end":{"line":132,"column":5}},"45":{"start":{"line":128,"column":6},"end":{"line":131,"column":9}},"46":{"start":{"line":134,"column":4},"end":{"line":139,"column":5}},"47":{"start":{"line":135,"column":6},"end":{"line":138,"column":9}},"48":{"start":{"line":141,"column":4},"end":{"line":141,"column":31}},"49":{"start":{"line":143,"column":4},"end":{"line":146,"column":7}},"50":{"start":{"line":148,"column":4},"end":{"line":148,"column":16}}},"fnMap":{"0":{"name":"(anonymous_0)","decl":{"start":{"line":3,"column":29},"end":{"line":3,"column":30}},"loc":{"start":{"line":3,"column":55},"end":{"line":51,"column":1}},"line":3},"1":{"name":"(anonymous_1)","decl":{"start":{"line":53,"column":27},"end":{"line":53,"column":28}},"loc":{"start":{"line":53,"column":53},"end":{"line":75,"column":1}},"line":53},"2":{"name":"(anonymous_2)","decl":{"start":{"line":77,"column":30},"end":{"line":77,"column":31}},"loc":{"start":{"line":77,"column":56},"end":{"line":89,"column":1}},"line":77},"3":{"name":"(anonymous_3)","decl":{"start":{"line":91,"column":30},"end":{"line":91,"column":31}},"loc":{"start":{"line":91,"column":56},"end":{"line":121,"column":1}},"line":91},"4":{"name":"(anonymous_4)","decl":{"start":{"line":123,"column":30},"end":{"line":123,"column":31}},"loc":{"start":{"line":123,"column":56},"end":{"line":150,"column":1}},"line":123}},"branchMap":{"0":{"loc":{"start":{"line":5,"column":17},"end":{"line":5,"column":46}},"type":"binary-expr","locations":[{"start":{"line":5,"column":17},"end":{"line":5,"column":41}},{"start":{"line":5,"column":45},"end":{"line":5,"column":46}}],"line":5},"1":{"loc":{"start":{"line":6,"column":18},"end":{"line":6,"column":49}},"type":"binary-expr","locations":[{"start":{"line":6,"column":18},"end":{"line":6,"column":43}},{"start":{"line":6,"column":47},"end":{"line":6,"column":49}}],"line":6},"2":{"loc":{"start":{"line":11,"column":4},"end":{"line":13,"column":5}},"type":"if","locations":[{"start":{"line":11,"column":4},"end":{"line":13,"column":5}},{"start":{},"end":{}}],"line":11},"3":{"loc":{"start":{"line":15,"column":4},"end":{"line":17,"column":5}},"type":"if","locations":[{"start":{"line":15,"column":4},"end":{"line":17,"column":5}},{"start":{},"end":{}}],"line":15},"4":{"loc":{"start":{"line":19,"column":4},"end":{"line":21,"column":5}},"type":"if","locations":[{"start":{"line":19,"column":4},"end":{"line":21,"column":5}},{"start":{},"end":{}}],"line":19},"5":{"loc":{"start":{"line":23,"column":4},"end":{"line":25,"column":5}},"type":"if","locations":[{"start":{"line":23,"column":4},"end":{"line":25,"column":5}},{"start":{},"end":{}}],"line":23},"6":{"loc":{"start":{"line":61,"column":4},"end":{"line":66,"column":5}},"type":"if","locations":[{"start":{"line":61,"column":4},"end":{"line":66,"column":5}},{"start":{},"end":{}}],"line":61},"7":{"loc":{"start":{"line":95,"column":4},"end":{"line":100,"column":5}},"type":"if","locations":[{"start":{"line":95,"column":4},"end":{"line":100,"column":5}},{"start":{},"end":{}}],"line":95},"8":{"loc":{"start":{"line":102,"column":4},"end":{"line":107,"column":5}},"type":"if","locations":[{"start":{"line":102,"column":4},"end":{"line":107,"column":5}},{"start":{},"end":{}}],"line":102},"9":{"loc":{"start":{"line":102,"column":8},"end":{"line":102,"column":78}},"type":"binary-expr","locations":[{"start":{"line":102,"column":8},"end":{"line":102,"column":49}},{"start":{"line":102,"column":53},"end":{"line":102,"column":78}}],"line":102},"10":{"loc":{"start":{"line":127,"column":4},"end":{"line":132,"column":5}},"type":"if","locations":[{"start":{"line":127,"column":4},"end":{"line":132,"column":5}},{"start":{},"end":{}}],"line":127},"11":{"loc":{"start":{"line":134,"column":4},"end":{"line":139,"column":5}},"type":"if","locations":[{"start":{"line":134,"column":4},"end":{"line":139,"column":5}},{"start":{},"end":{}}],"line":134},"12":{"loc":{"start":{"line":134,"column":8},"end":{"line":134,"column":78}},"type":"binary-expr","locations":[{"start":{"line":134,"column":8},"end":{"line":134,"column":49}},{"start":{"line":134,"column":53},"end":{"line":134,"column":78}}],"line":134}},"s":{"0":11,"1":3,"2":3,"3":3,"4":3,"5":3,"6":3,"7":1,"8":3,"9":1,"10":3,"11":0,"12":3,"13":0,"14":3,"15":3,"16":3,"17":0,"18":11,"19":2,"20":2,"21":2,"22":1,"23":1,"24":0,"25":11,"26":5,"27":5,"28":5,"29":5,"30":0,"31":11,"32":1,"33":1,"34":1,"35":0,"36":1,"37":0,"38":1,"39":1,"40":0,"41":11,"42":1,"43":1,"44":1,"45":0,"46":1,"47":0,"48":1,"49":1,"50":0},"f":{"0":3,"1":2,"2":5,"3":1,"4":1},"b":{"0":[3,3],"1":[3,3],"2":[1,2],"3":[1,2],"4":[0,3],"5":[0,3],"6":[1,1],"7":[0,1],"8":[0,1],"9":[1,0],"10":[0,1],"11":[0,1],"12":[1,0]},"inputSourceMap":null,"_coverageSchema":"1a1c01bbd47fc00a2c39e90264f33305004495a9","hash":"904c9146c48c7c0d60a54fc69f53782ca922ccff"}
,"C:\\Users\\david\\dev\\sfdc\\server\\src\\controllers\\adminUserController.js": {"path":"C:\\Users\\david\\dev\\sfdc\\server\\src\\controllers\\adminUserController.js","statementMap":{"0":{"start":{"line":3,"column":24},"end":{"line":42,"column":1}},"1":{"start":{"line":4,"column":2},"end":{"line":41,"column":3}},"2":{"start":{"line":5,"column":17},"end":{"line":5,"column":46}},"3":{"start":{"line":6,"column":18},"end":{"line":6,"column":49}},"4":{"start":{"line":7,"column":17},"end":{"line":7,"column":35}},"5":{"start":{"line":9,"column":16},"end":{"line":9,"column":18}},"6":{"start":{"line":11,"column":4},"end":{"line":16,"column":5}},"7":{"start":{"line":12,"column":6},"end":{"line":15,"column":8}},"8":{"start":{"line":18,"column":4},"end":{"line":20,"column":5}},"9":{"start":{"line":19,"column":6},"end":{"line":19,"column":34}},"10":{"start":{"line":22,"column":18},"end":{"line":22,"column":50}},"11":{"start":{"line":23,"column":18},"end":{"line":27,"column":19}},"12":{"start":{"line":29,"column":4},"end":{"line":38,"column":7}},"13":{"start":{"line":40,"column":4},"end":{"line":40,"column":16}},"14":{"start":{"line":44,"column":23},"end":{"line":62,"column":1}},"15":{"start":{"line":45,"column":2},"end":{"line":61,"column":3}},"16":{"start":{"line":46,"column":17},"end":{"line":46,"column":71}},"17":{"start":{"line":48,"column":4},"end":{"line":53,"column":5}},"18":{"start":{"line":49,"column":6},"end":{"line":52,"column":9}},"19":{"start":{"line":55,"column":4},"end":{"line":58,"column":7}},"20":{"start":{"line":60,"column":4},"end":{"line":60,"column":16}},"21":{"start":{"line":64,"column":26},"end":{"line":101,"column":1}},"22":{"start":{"line":65,"column":2},"end":{"line":100,"column":3}},"23":{"start":{"line":66,"column":42},"end":{"line":66,"column":50}},"24":{"start":{"line":68,"column":15},"end":{"line":68,"column":49}},"25":{"start":{"line":70,"column":4},"end":{"line":75,"column":5}},"26":{"start":{"line":71,"column":6},"end":{"line":74,"column":9}},"27":{"start":{"line":78,"column":4},"end":{"line":86,"column":5}},"28":{"start":{"line":79,"column":23},"end":{"line":79,"column":52}},"29":{"start":{"line":80,"column":6},"end":{"line":85,"column":7}},"30":{"start":{"line":81,"column":8},"end":{"line":84,"column":11}},"31":{"start":{"line":88,"column":4},"end":{"line":92,"column":26}},"32":{"start":{"line":94,"column":4},"end":{"line":97,"column":7}},"33":{"start":{"line":99,"column":4},"end":{"line":99,"column":16}},"34":{"start":{"line":103,"column":26},"end":{"line":131,"column":1}},"35":{"start":{"line":104,"column":2},"end":{"line":130,"column":3}},"36":{"start":{"line":105,"column":17},"end":{"line":105,"column":51}},"37":{"start":{"line":107,"column":4},"end":{"line":112,"column":5}},"38":{"start":{"line":108,"column":6},"end":{"line":111,"column":9}},"39":{"start":{"line":115,"column":4},"end":{"line":120,"column":5}},"40":{"start":{"line":116,"column":6},"end":{"line":119,"column":9}},"41":{"start":{"line":122,"column":4},"end":{"line":122,"column":27}},"42":{"start":{"line":124,"column":4},"end":{"line":127,"column":7}},"43":{"start":{"line":129,"column":4},"end":{"line":129,"column":16}},"44":{"start":{"line":133,"column":33},"end":{"line":163,"column":1}},"45":{"start":{"line":134,"column":2},"end":{"line":162,"column":3}},"46":{"start":{"line":135,"column":25},"end":{"line":135,"column":33}},"47":{"start":{"line":137,"column":4},"end":{"line":142,"column":5}},"48":{"start":{"line":138,"column":6},"end":{"line":141,"column":9}},"49":{"start":{"line":144,"column":17},"end":{"line":144,"column":51}},"50":{"start":{"line":146,"column":4},"end":{"line":151,"column":5}},"51":{"start":{"line":147,"column":6},"end":{"line":150,"column":9}},"52":{"start":{"line":153,"column":4},"end":{"line":153,"column":29}},"53":{"start":{"line":154,"column":4},"end":{"line":154,"column":22}},"54":{"start":{"line":156,"column":4},"end":{"line":159,"column":7}},"55":{"start":{"line":161,"column":4},"end":{"line":161,"column":16}},"56":{"start":{"line":165,"column":30},"end":{"line":176,"column":1}},"57":{"start":{"line":166,"column":2},"end":{"line":175,"column":3}},"58":{"start":{"line":167,"column":18},"end":{"line":167,"column":45}},"59":{"start":{"line":169,"column":4},"end":{"line":172,"column":7}},"60":{"start":{"line":174,"column":4},"end":{"line":174,"column":16}}},"fnMap":{"0":{"name":"(anonymous_0)","decl":{"start":{"line":3,"column":24},"end":{"line":3,"column":25}},"loc":{"start":{"line":3,"column":50},"end":{"line":42,"column":1}},"line":3},"1":{"name":"(anonymous_1)","decl":{"start":{"line":44,"column":23},"end":{"line":44,"column":24}},"loc":{"start":{"line":44,"column":49},"end":{"line":62,"column":1}},"line":44},"2":{"name":"(anonymous_2)","decl":{"start":{"line":64,"column":26},"end":{"line":64,"column":27}},"loc":{"start":{"line":64,"column":52},"end":{"line":101,"column":1}},"line":64},"3":{"name":"(anonymous_3)","decl":{"start":{"line":103,"column":26},"end":{"line":103,"column":27}},"loc":{"start":{"line":103,"column":52},"end":{"line":131,"column":1}},"line":103},"4":{"name":"(anonymous_4)","decl":{"start":{"line":133,"column":33},"end":{"line":133,"column":34}},"loc":{"start":{"line":133,"column":59},"end":{"line":163,"column":1}},"line":133},"5":{"name":"(anonymous_5)","decl":{"start":{"line":165,"column":30},"end":{"line":165,"column":31}},"loc":{"start":{"line":165,"column":56},"end":{"line":176,"column":1}},"line":165}},"branchMap":{"0":{"loc":{"start":{"line":5,"column":17},"end":{"line":5,"column":46}},"type":"binary-expr","locations":[{"start":{"line":5,"column":17},"end":{"line":5,"column":41}},{"start":{"line":5,"column":45},"end":{"line":5,"column":46}}],"line":5},"1":{"loc":{"start":{"line":6,"column":18},"end":{"line":6,"column":49}},"type":"binary-expr","locations":[{"start":{"line":6,"column":18},"end":{"line":6,"column":43}},{"start":{"line":6,"column":47},"end":{"line":6,"column":49}}],"line":6},"2":{"loc":{"start":{"line":11,"column":4},"end":{"line":16,"column":5}},"type":"if","locations":[{"start":{"line":11,"column":4},"end":{"line":16,"column":5}},{"start":{},"end":{}}],"line":11},"3":{"loc":{"start":{"line":18,"column":4},"end":{"line":20,"column":5}},"type":"if","locations":[{"start":{"line":18,"column":4},"end":{"line":20,"column":5}},{"start":{},"end":{}}],"line":18},"4":{"loc":{"start":{"line":48,"column":4},"end":{"line":53,"column":5}},"type":"if","locations":[{"start":{"line":48,"column":4},"end":{"line":53,"column":5}},{"start":{},"end":{}}],"line":48},"5":{"loc":{"start":{"line":70,"column":4},"end":{"line":75,"column":5}},"type":"if","locations":[{"start":{"line":70,"column":4},"end":{"line":75,"column":5}},{"start":{},"end":{}}],"line":70},"6":{"loc":{"start":{"line":78,"column":4},"end":{"line":86,"column":5}},"type":"if","locations":[{"start":{"line":78,"column":4},"end":{"line":86,"column":5}},{"start":{},"end":{}}],"line":78},"7":{"loc":{"start":{"line":78,"column":8},"end":{"line":78,"column":37}},"type":"binary-expr","locations":[{"start":{"line":78,"column":8},"end":{"line":78,"column":13}},{"start":{"line":78,"column":17},"end":{"line":78,"column":37}}],"line":78},"8":{"loc":{"start":{"line":80,"column":6},"end":{"line":85,"column":7}},"type":"if","locations":[{"start":{"line":80,"column":6},"end":{"line":85,"column":7}},{"start":{},"end":{}}],"line":80},"9":{"loc":{"start":{"line":107,"column":4},"end":{"line":112,"column":5}},"type":"if","locations":[{"start":{"line":107,"column":4},"end":{"line":112,"column":5}},{"start":{},"end":{}}],"line":107},"10":{"loc":{"start":{"line":115,"column":4},"end":{"line":120,"column":5}},"type":"if","locations":[{"start":{"line":115,"column":4},"end":{"line":120,"column":5}},{"start":{},"end":{}}],"line":115},"11":{"loc":{"start":{"line":137,"column":4},"end":{"line":142,"column":5}},"type":"if","locations":[{"start":{"line":137,"column":4},"end":{"line":142,"column":5}},{"start":{},"end":{}}],"line":137},"12":{"loc":{"start":{"line":137,"column":8},"end":{"line":137,"column":40}},"type":"binary-expr","locations":[{"start":{"line":137,"column":8},"end":{"line":137,"column":17}},{"start":{"line":137,"column":21},"end":{"line":137,"column":40}}],"line":137},"13":{"loc":{"start":{"line":146,"column":4},"end":{"line":151,"column":5}},"type":"if","locations":[{"start":{"line":146,"column":4},"end":{"line":151,"column":5}},{"start":{},"end":{}}],"line":146}},"s":{"0":11,"1":0,"2":0,"3":0,"4":0,"5":0,"6":0,"7":0,"8":0,"9":0,"10":0,"11":0,"12":0,"13":0,"14":11,"15":0,"16":0,"17":0,"18":0,"19":0,"20":0,"21":11,"22":0,"23":0,"24":0,"25":0,"26":0,"27":0,"28":0,"29":0,"30":0,"31":0,"32":0,"33":0,"34":11,"35":0,"36":0,"37":0,"38":0,"39":0,"40":0,"41":0,"42":0,"43":0,"44":11,"45":0,"46":0,"47":0,"48":0,"49":0,"50":0,"51":0,"52":0,"53":0,"54":0,"55":0,"56":11,"57":0,"58":0,"59":0,"60":0},"f":{"0":0,"1":0,"2":0,"3":0,"4":0,"5":0},"b":{"0":[0,0],"1":[0,0],"2":[0,0],"3":[0,0],"4":[0,0],"5":[0,0],"6":[0,0],"7":[0,0],"8":[0,0],"9":[0,0],"10":[0,0],"11":[0,0],"12":[0,0],"13":[0,0]},"inputSourceMap":null,"_coverageSchema":"1a1c01bbd47fc00a2c39e90264f33305004495a9","hash":"1aabb5bee94bb67d9526ac44ffe243fa716d35e7"}
,"C:\\Users\\david\\dev\\sfdc\\server\\src\\controllers\\attachmentController.js": {"path":"C:\\Users\\david\\dev\\sfdc\\server\\src\\controllers\\attachmentController.js","statementMap":{"0":{"start":{"line":5,"column":22},"end":{"line":5,"column":37}},"1":{"start":{"line":8,"column":22},"end":{"line":20,"column":1}},"2":{"start":{"line":23,"column":30},"end":{"line":50,"column":1}},"3":{"start":{"line":24,"column":2},"end":{"line":49,"column":3}},"4":{"start":{"line":25,"column":37},"end":{"line":25,"column":46}},"5":{"start":{"line":27,"column":4},"end":{"line":32,"column":5}},"6":{"start":{"line":28,"column":6},"end":{"line":31,"column":9}},"7":{"start":{"line":34,"column":24},"end":{"line":41,"column":30}},"8":{"start":{"line":43,"column":4},"end":{"line":46,"column":7}},"9":{"start":{"line":48,"column":4},"end":{"line":48,"column":16}},"10":{"start":{"line":53,"column":29},"end":{"line":99,"column":1}},"11":{"start":{"line":54,"column":2},"end":{"line":98,"column":3}},"12":{"start":{"line":55,"column":23},"end":{"line":55,"column":63}},"13":{"start":{"line":57,"column":4},"end":{"line":62,"column":5}},"14":{"start":{"line":58,"column":6},"end":{"line":61,"column":9}},"15":{"start":{"line":65,"column":4},"end":{"line":78,"column":5}},"16":{"start":{"line":66,"column":6},"end":{"line":77,"column":9}},"17":{"start":{"line":81,"column":4},"end":{"line":85,"column":5}},"18":{"start":{"line":82,"column":6},"end":{"line":82,"column":57}},"19":{"start":{"line":83,"column":6},"end":{"line":83,"column":96}},"20":{"start":{"line":84,"column":6},"end":{"line":84,"column":42}},"21":{"start":{"line":88,"column":4},"end":{"line":90,"column":5}},"22":{"start":{"line":89,"column":6},"end":{"line":89,"column":42}},"23":{"start":{"line":92,"column":4},"end":{"line":95,"column":7}},"24":{"start":{"line":97,"column":4},"end":{"line":97,"column":16}},"25":{"start":{"line":102,"column":32},"end":{"line":169,"column":1}},"26":{"start":{"line":103,"column":2},"end":{"line":168,"column":3}},"27":{"start":{"line":104,"column":37},"end":{"line":104,"column":45}},"28":{"start":{"line":106,"column":4},"end":{"line":111,"column":5}},"29":{"start":{"line":107,"column":6},"end":{"line":110,"column":9}},"30":{"start":{"line":113,"column":4},"end":{"line":118,"column":5}},"31":{"start":{"line":114,"column":6},"end":{"line":117,"column":9}},"32":{"start":{"line":121,"column":4},"end":{"line":126,"column":5}},"33":{"start":{"line":122,"column":6},"end":{"line":125,"column":9}},"34":{"start":{"line":129,"column":4},"end":{"line":134,"column":5}},"35":{"start":{"line":130,"column":6},"end":{"line":133,"column":9}},"36":{"start":{"line":136,"column":23},"end":{"line":146,"column":6}},"37":{"start":{"line":149,"column":4},"end":{"line":156,"column":7}},"38":{"start":{"line":159,"column":21},"end":{"line":159,"column":42}},"39":{"start":{"line":160,"column":4},"end":{"line":160,"column":28}},"40":{"start":{"line":162,"column":4},"end":{"line":165,"column":7}},"41":{"start":{"line":167,"column":4},"end":{"line":167,"column":16}},"42":{"start":{"line":172,"column":32},"end":{"line":199,"column":1}},"43":{"start":{"line":173,"column":2},"end":{"line":198,"column":3}},"44":{"start":{"line":174,"column":23},"end":{"line":174,"column":63}},"45":{"start":{"line":176,"column":4},"end":{"line":181,"column":5}},"46":{"start":{"line":177,"column":6},"end":{"line":180,"column":9}},"47":{"start":{"line":183,"column":4},"end":{"line":188,"column":5}},"48":{"start":{"line":184,"column":6},"end":{"line":187,"column":9}},"49":{"start":{"line":190,"column":4},"end":{"line":190,"column":33}},"50":{"start":{"line":192,"column":4},"end":{"line":195,"column":7}},"51":{"start":{"line":197,"column":4},"end":{"line":197,"column":16}}},"fnMap":{"0":{"name":"(anonymous_0)","decl":{"start":{"line":23,"column":30},"end":{"line":23,"column":31}},"loc":{"start":{"line":23,"column":56},"end":{"line":50,"column":1}},"line":23},"1":{"name":"(anonymous_1)","decl":{"start":{"line":53,"column":29},"end":{"line":53,"column":30}},"loc":{"start":{"line":53,"column":55},"end":{"line":99,"column":1}},"line":53},"2":{"name":"(anonymous_2)","decl":{"start":{"line":102,"column":32},"end":{"line":102,"column":33}},"loc":{"start":{"line":102,"column":58},"end":{"line":169,"column":1}},"line":102},"3":{"name":"(anonymous_3)","decl":{"start":{"line":172,"column":32},"end":{"line":172,"column":33}},"loc":{"start":{"line":172,"column":58},"end":{"line":199,"column":1}},"line":172}},"branchMap":{"0":{"loc":{"start":{"line":27,"column":4},"end":{"line":32,"column":5}},"type":"if","locations":[{"start":{"line":27,"column":4},"end":{"line":32,"column":5}},{"start":{},"end":{}}],"line":27},"1":{"loc":{"start":{"line":27,"column":8},"end":{"line":27,"column":32}},"type":"binary-expr","locations":[{"start":{"line":27,"column":8},"end":{"line":27,"column":19}},{"start":{"line":27,"column":23},"end":{"line":27,"column":32}}],"line":27},"2":{"loc":{"start":{"line":57,"column":4},"end":{"line":62,"column":5}},"type":"if","locations":[{"start":{"line":57,"column":4},"end":{"line":62,"column":5}},{"start":{},"end":{}}],"line":57},"3":{"loc":{"start":{"line":65,"column":4},"end":{"line":78,"column":5}},"type":"if","locations":[{"start":{"line":65,"column":4},"end":{"line":78,"column":5}},{"start":{},"end":{}}],"line":65},"4":{"loc":{"start":{"line":81,"column":4},"end":{"line":85,"column":5}},"type":"if","locations":[{"start":{"line":81,"column":4},"end":{"line":85,"column":5}},{"start":{},"end":{}}],"line":81},"5":{"loc":{"start":{"line":88,"column":4},"end":{"line":90,"column":5}},"type":"if","locations":[{"start":{"line":88,"column":4},"end":{"line":90,"column":5}},{"start":{},"end":{}}],"line":88},"6":{"loc":{"start":{"line":106,"column":4},"end":{"line":111,"column":5}},"type":"if","locations":[{"start":{"line":106,"column":4},"end":{"line":111,"column":5}},{"start":{},"end":{}}],"line":106},"7":{"loc":{"start":{"line":106,"column":8},"end":{"line":106,"column":32}},"type":"binary-expr","locations":[{"start":{"line":106,"column":8},"end":{"line":106,"column":19}},{"start":{"line":106,"column":23},"end":{"line":106,"column":32}}],"line":106},"8":{"loc":{"start":{"line":113,"column":4},"end":{"line":118,"column":5}},"type":"if","locations":[{"start":{"line":113,"column":4},"end":{"line":118,"column":5}},{"start":{},"end":{}}],"line":113},"9":{"loc":{"start":{"line":121,"column":4},"end":{"line":126,"column":5}},"type":"if","locations":[{"start":{"line":121,"column":4},"end":{"line":126,"column":5}},{"start":{},"end":{}}],"line":121},"10":{"loc":{"start":{"line":129,"column":4},"end":{"line":134,"column":5}},"type":"if","locations":[{"start":{"line":129,"column":4},"end":{"line":134,"column":5}},{"start":{},"end":{}}],"line":129},"11":{"loc":{"start":{"line":137,"column":16},"end":{"line":137,"column":58}},"type":"binary-expr","locations":[{"start":{"line":137,"column":16},"end":{"line":137,"column":33}},{"start":{"line":137,"column":37},"end":{"line":137,"column":58}}],"line":137},"12":{"loc":{"start":{"line":176,"column":4},"end":{"line":181,"column":5}},"type":"if","locations":[{"start":{"line":176,"column":4},"end":{"line":181,"column":5}},{"start":{},"end":{}}],"line":176},"13":{"loc":{"start":{"line":183,"column":4},"end":{"line":188,"column":5}},"type":"if","locations":[{"start":{"line":183,"column":4},"end":{"line":188,"column":5}},{"start":{},"end":{}}],"line":183},"14":{"loc":{"start":{"line":183,"column":8},"end":{"line":183,"column":80}},"type":"binary-expr","locations":[{"start":{"line":183,"column":8},"end":{"line":183,"column":51}},{"start":{"line":183,"column":55},"end":{"line":183,"column":80}}],"line":183}},"s":{"0":11,"1":11,"2":11,"3":0,"4":0,"5":0,"6":0,"7":0,"8":0,"9":0,"10":11,"11":0,"12":0,"13":0,"14":0,"15":0,"16":0,"17":0,"18":0,"19":0,"20":0,"21":0,"22":0,"23":0,"24":0,"25":11,"26":0,"27":0,"28":0,"29":0,"30":0,"31":0,"32":0,"33":0,"34":0,"35":0,"36":0,"37":0,"38":0,"39":0,"40":0,"41":0,"42":11,"43":0,"44":0,"45":0,"46":0,"47":0,"48":0,"49":0,"50":0,"51":0},"f":{"0":0,"1":0,"2":0,"3":0},"b":{"0":[0,0],"1":[0,0],"2":[0,0],"3":[0,0],"4":[0,0],"5":[0,0],"6":[0,0],"7":[0,0],"8":[0,0],"9":[0,0],"10":[0,0],"11":[0,0],"12":[0,0],"13":[0,0],"14":[0,0]},"inputSourceMap":null,"_coverageSchema":"1a1c01bbd47fc00a2c39e90264f33305004495a9","hash":"d1c6a5896e661b01be9b73574f6c3f0293b92603"}
,"C:\\Users\\david\\dev\\sfdc\\server\\src\\controllers\\auditController.js": {"path":"C:\\Users\\david\\dev\\sfdc\\server\\src\\controllers\\auditController.js","statementMap":{"0":{"start":{"line":6,"column":32},"end":{"line":33,"column":1}},"1":{"start":{"line":7,"column":2},"end":{"line":32,"column":3}},"2":{"start":{"line":8,"column":37},"end":{"line":8,"column":47}},"3":{"start":{"line":9,"column":27},"end":{"line":9,"column":48}},"4":{"start":{"line":11,"column":29},"end":{"line":11,"column":94}},"5":{"start":{"line":12,"column":4},"end":{"line":17,"column":5}},"6":{"start":{"line":13,"column":6},"end":{"line":16,"column":9}},"7":{"start":{"line":19,"column":17},"end":{"line":24,"column":6}},"8":{"start":{"line":26,"column":4},"end":{"line":29,"column":7}},"9":{"start":{"line":31,"column":4},"end":{"line":31,"column":16}},"10":{"start":{"line":38,"column":38},"end":{"line":55,"column":1}},"11":{"start":{"line":39,"column":2},"end":{"line":54,"column":3}},"12":{"start":{"line":40,"column":27},"end":{"line":40,"column":48}},"13":{"start":{"line":41,"column":18},"end":{"line":41,"column":50}},"14":{"start":{"line":43,"column":17},"end":{"line":46,"column":6}},"15":{"start":{"line":48,"column":4},"end":{"line":51,"column":7}},"16":{"start":{"line":53,"column":4},"end":{"line":53,"column":16}}},"fnMap":{"0":{"name":"(anonymous_0)","decl":{"start":{"line":6,"column":32},"end":{"line":6,"column":33}},"loc":{"start":{"line":6,"column":58},"end":{"line":33,"column":1}},"line":6},"1":{"name":"(anonymous_1)","decl":{"start":{"line":38,"column":38},"end":{"line":38,"column":39}},"loc":{"start":{"line":38,"column":64},"end":{"line":55,"column":1}},"line":38}},"branchMap":{"0":{"loc":{"start":{"line":12,"column":4},"end":{"line":17,"column":5}},"type":"if","locations":[{"start":{"line":12,"column":4},"end":{"line":17,"column":5}},{"start":{},"end":{}}],"line":12},"1":{"loc":{"start":{"line":41,"column":18},"end":{"line":41,"column":50}},"type":"binary-expr","locations":[{"start":{"line":41,"column":18},"end":{"line":41,"column":43}},{"start":{"line":41,"column":47},"end":{"line":41,"column":50}}],"line":41}},"s":{"0":11,"1":0,"2":0,"3":0,"4":0,"5":0,"6":0,"7":0,"8":0,"9":0,"10":11,"11":0,"12":0,"13":0,"14":0,"15":0,"16":0},"f":{"0":0,"1":0},"b":{"0":[0,0],"1":[0,0]},"inputSourceMap":null,"_coverageSchema":"1a1c01bbd47fc00a2c39e90264f33305004495a9","hash":"94f89c5841e7846201c572fa0cb8112b4f7f1932"}
,"C:\\Users\\david\\dev\\sfdc\\server\\src\\controllers\\authController.js": {"path":"C:\\Users\\david\\dev\\sfdc\\server\\src\\controllers\\authController.js","statementMap":{"0":{"start":{"line":5,"column":22},"end":{"line":9,"column":1}},"1":{"start":{"line":6,"column":2},"end":{"line":8,"column":5}},"2":{"start":{"line":11,"column":26},"end":{"line":36,"column":1}},"3":{"start":{"line":12,"column":16},"end":{"line":12,"column":39}},"4":{"start":{"line":14,"column":18},"end":{"line":19,"column":3}},"5":{"start":{"line":21,"column":2},"end":{"line":35,"column":7}},"6":{"start":{"line":38,"column":24},"end":{"line":61,"column":1}},"7":{"start":{"line":39,"column":2},"end":{"line":60,"column":3}},"8":{"start":{"line":40,"column":38},"end":{"line":40,"column":46}},"9":{"start":{"line":42,"column":25},"end":{"line":42,"column":54}},"10":{"start":{"line":43,"column":4},"end":{"line":48,"column":5}},"11":{"start":{"line":44,"column":6},"end":{"line":47,"column":9}},"12":{"start":{"line":51,"column":23},"end":{"line":51,"column":51}},"13":{"start":{"line":52,"column":4},"end":{"line":54,"column":5}},"14":{"start":{"line":53,"column":6},"end":{"line":53,"column":76}},"15":{"start":{"line":56,"column":17},"end":{"line":56,"column":93}},"16":{"start":{"line":57,"column":4},"end":{"line":57,"column":38}},"17":{"start":{"line":59,"column":4},"end":{"line":59,"column":16}},"18":{"start":{"line":63,"column":21},"end":{"line":102,"column":1}},"19":{"start":{"line":64,"column":2},"end":{"line":101,"column":3}},"20":{"start":{"line":65,"column":32},"end":{"line":65,"column":40}},"21":{"start":{"line":67,"column":4},"end":{"line":72,"column":5}},"22":{"start":{"line":68,"column":6},"end":{"line":71,"column":9}},"23":{"start":{"line":74,"column":17},"end":{"line":74,"column":66}},"24":{"start":{"line":76,"column":4},"end":{"line":81,"column":5}},"25":{"start":{"line":77,"column":6},"end":{"line":80,"column":9}},"26":{"start":{"line":83,"column":4},"end":{"line":88,"column":5}},"27":{"start":{"line":84,"column":6},"end":{"line":87,"column":9}},"28":{"start":{"line":90,"column":20},"end":{"line":90,"column":56}},"29":{"start":{"line":91,"column":4},"end":{"line":96,"column":5}},"30":{"start":{"line":92,"column":6},"end":{"line":95,"column":9}},"31":{"start":{"line":98,"column":4},"end":{"line":98,"column":38}},"32":{"start":{"line":100,"column":4},"end":{"line":100,"column":16}},"33":{"start":{"line":104,"column":22},"end":{"line":114,"column":1}},"34":{"start":{"line":105,"column":2},"end":{"line":108,"column":5}},"35":{"start":{"line":110,"column":2},"end":{"line":113,"column":5}},"36":{"start":{"line":116,"column":21},"end":{"line":126,"column":1}},"37":{"start":{"line":117,"column":2},"end":{"line":125,"column":3}},"38":{"start":{"line":118,"column":17},"end":{"line":118,"column":74}},"39":{"start":{"line":119,"column":4},"end":{"line":122,"column":7}},"40":{"start":{"line":124,"column":4},"end":{"line":124,"column":16}},"41":{"start":{"line":128,"column":29},"end":{"line":130,"column":1}},"42":{"start":{"line":129,"column":2},"end":{"line":129,"column":40}}},"fnMap":{"0":{"name":"(anonymous_0)","decl":{"start":{"line":5,"column":22},"end":{"line":5,"column":23}},"loc":{"start":{"line":5,"column":30},"end":{"line":9,"column":1}},"line":5},"1":{"name":"(anonymous_1)","decl":{"start":{"line":11,"column":26},"end":{"line":11,"column":27}},"loc":{"start":{"line":11,"column":53},"end":{"line":36,"column":1}},"line":11},"2":{"name":"(anonymous_2)","decl":{"start":{"line":38,"column":24},"end":{"line":38,"column":25}},"loc":{"start":{"line":38,"column":50},"end":{"line":61,"column":1}},"line":38},"3":{"name":"(anonymous_3)","decl":{"start":{"line":63,"column":21},"end":{"line":63,"column":22}},"loc":{"start":{"line":63,"column":47},"end":{"line":102,"column":1}},"line":63},"4":{"name":"(anonymous_4)","decl":{"start":{"line":104,"column":22},"end":{"line":104,"column":23}},"loc":{"start":{"line":104,"column":36},"end":{"line":114,"column":1}},"line":104},"5":{"name":"(anonymous_5)","decl":{"start":{"line":116,"column":21},"end":{"line":116,"column":22}},"loc":{"start":{"line":116,"column":47},"end":{"line":126,"column":1}},"line":116},"6":{"name":"(anonymous_6)","decl":{"start":{"line":128,"column":29},"end":{"line":128,"column":30}},"loc":{"start":{"line":128,"column":43},"end":{"line":130,"column":1}},"line":128}},"branchMap":{"0":{"loc":{"start":{"line":7,"column":15},"end":{"line":7,"column":45}},"type":"binary-expr","locations":[{"start":{"line":7,"column":15},"end":{"line":7,"column":37}},{"start":{"line":7,"column":41},"end":{"line":7,"column":45}}],"line":7},"1":{"loc":{"start":{"line":43,"column":4},"end":{"line":48,"column":5}},"type":"if","locations":[{"start":{"line":43,"column":4},"end":{"line":48,"column":5}},{"start":{},"end":{}}],"line":43},"2":{"loc":{"start":{"line":52,"column":4},"end":{"line":54,"column":5}},"type":"if","locations":[{"start":{"line":52,"column":4},"end":{"line":54,"column":5}},{"start":{},"end":{}}],"line":52},"3":{"loc":{"start":{"line":67,"column":4},"end":{"line":72,"column":5}},"type":"if","locations":[{"start":{"line":67,"column":4},"end":{"line":72,"column":5}},{"start":{},"end":{}}],"line":67},"4":{"loc":{"start":{"line":67,"column":8},"end":{"line":67,"column":27}},"type":"binary-expr","locations":[{"start":{"line":67,"column":8},"end":{"line":67,"column":14}},{"start":{"line":67,"column":18},"end":{"line":67,"column":27}}],"line":67},"5":{"loc":{"start":{"line":76,"column":4},"end":{"line":81,"column":5}},"type":"if","locations":[{"start":{"line":76,"column":4},"end":{"line":81,"column":5}},{"start":{},"end":{}}],"line":76},"6":{"loc":{"start":{"line":83,"column":4},"end":{"line":88,"column":5}},"type":"if","locations":[{"start":{"line":83,"column":4},"end":{"line":88,"column":5}},{"start":{},"end":{}}],"line":83},"7":{"loc":{"start":{"line":91,"column":4},"end":{"line":96,"column":5}},"type":"if","locations":[{"start":{"line":91,"column":4},"end":{"line":96,"column":5}},{"start":{},"end":{}}],"line":91}},"s":{"0":11,"1":78,"2":11,"3":78,"4":78,"5":78,"6":11,"7":4,"8":4,"9":4,"10":4,"11":2,"12":2,"13":2,"14":2,"15":2,"16":2,"17":0,"18":11,"19":80,"20":80,"21":80,"22":0,"23":80,"24":80,"25":2,"26":78,"27":0,"28":78,"29":78,"30":2,"31":76,"32":0,"33":11,"34":0,"35":0,"36":11,"37":2,"38":2,"39":2,"40":0,"41":11,"42":0},"f":{"0":78,"1":78,"2":4,"3":80,"4":0,"5":2,"6":0},"b":{"0":[78,78],"1":[2,2],"2":[2,0],"3":[0,80],"4":[80,80],"5":[2,78],"6":[0,78],"7":[2,76]},"inputSourceMap":null,"_coverageSchema":"1a1c01bbd47fc00a2c39e90264f33305004495a9","hash":"55a15c557d0b97fa0b92d9d191115b25b740c115"}
,"C:\\Users\\david\\dev\\sfdc\\server\\src\\controllers\\contactController.js": {"path":"C:\\Users\\david\\dev\\sfdc\\server\\src\\controllers\\contactController.js","statementMap":{"0":{"start":{"line":4,"column":27},"end":{"line":41,"column":1}},"1":{"start":{"line":5,"column":2},"end":{"line":40,"column":3}},"2":{"start":{"line":6,"column":17},"end":{"line":6,"column":46}},"3":{"start":{"line":7,"column":18},"end":{"line":7,"column":49}},"4":{"start":{"line":8,"column":17},"end":{"line":8,"column":35}},"5":{"start":{"line":10,"column":16},"end":{"line":10,"column":38}},"6":{"start":{"line":12,"column":4},"end":{"line":14,"column":5}},"7":{"start":{"line":13,"column":6},"end":{"line":13,"column":50}},"8":{"start":{"line":16,"column":4},"end":{"line":18,"column":5}},"9":{"start":{"line":17,"column":6},"end":{"line":17,"column":40}},"10":{"start":{"line":20,"column":18},"end":{"line":20,"column":53}},"11":{"start":{"line":21,"column":21},"end":{"line":26,"column":19}},"12":{"start":{"line":28,"column":4},"end":{"line":37,"column":7}},"13":{"start":{"line":39,"column":4},"end":{"line":39,"column":16}},"14":{"start":{"line":43,"column":26},"end":{"line":63,"column":1}},"15":{"start":{"line":44,"column":2},"end":{"line":62,"column":3}},"16":{"start":{"line":45,"column":20},"end":{"line":47,"column":57}},"17":{"start":{"line":49,"column":4},"end":{"line":54,"column":5}},"18":{"start":{"line":50,"column":6},"end":{"line":53,"column":9}},"19":{"start":{"line":56,"column":4},"end":{"line":59,"column":7}},"20":{"start":{"line":61,"column":4},"end":{"line":61,"column":16}},"21":{"start":{"line":65,"column":29},"end":{"line":91,"column":1}},"22":{"start":{"line":66,"column":2},"end":{"line":90,"column":3}},"23":{"start":{"line":67,"column":4},"end":{"line":67,"column":33}},"24":{"start":{"line":68,"column":20},"end":{"line":68,"column":50}},"25":{"start":{"line":71,"column":4},"end":{"line":82,"column":7}},"26":{"start":{"line":75,"column":51},"end":{"line":79,"column":7}},"27":{"start":{"line":84,"column":4},"end":{"line":87,"column":7}},"28":{"start":{"line":89,"column":4},"end":{"line":89,"column":16}},"29":{"start":{"line":93,"column":29},"end":{"line":139,"column":1}},"30":{"start":{"line":94,"column":2},"end":{"line":138,"column":3}},"31":{"start":{"line":95,"column":18},"end":{"line":95,"column":55}},"32":{"start":{"line":97,"column":4},"end":{"line":102,"column":5}},"33":{"start":{"line":98,"column":6},"end":{"line":101,"column":9}},"34":{"start":{"line":104,"column":4},"end":{"line":109,"column":5}},"35":{"start":{"line":105,"column":6},"end":{"line":108,"column":9}},"36":{"start":{"line":112,"column":23},"end":{"line":112,"column":41}},"37":{"start":{"line":114,"column":4},"end":{"line":117,"column":7}},"38":{"start":{"line":120,"column":20},"end":{"line":120,"column":65}},"39":{"start":{"line":121,"column":4},"end":{"line":130,"column":5}},"40":{"start":{"line":122,"column":6},"end":{"line":129,"column":9}},"41":{"start":{"line":132,"column":4},"end":{"line":135,"column":7}},"42":{"start":{"line":137,"column":4},"end":{"line":137,"column":16}},"43":{"start":{"line":141,"column":29},"end":{"line":178,"column":1}},"44":{"start":{"line":142,"column":2},"end":{"line":177,"column":3}},"45":{"start":{"line":143,"column":20},"end":{"line":143,"column":57}},"46":{"start":{"line":145,"column":4},"end":{"line":150,"column":5}},"47":{"start":{"line":146,"column":6},"end":{"line":149,"column":9}},"48":{"start":{"line":152,"column":4},"end":{"line":157,"column":5}},"49":{"start":{"line":153,"column":6},"end":{"line":156,"column":9}},"50":{"start":{"line":160,"column":4},"end":{"line":167,"column":7}},"51":{"start":{"line":169,"column":4},"end":{"line":169,"column":30}},"52":{"start":{"line":171,"column":4},"end":{"line":174,"column":7}},"53":{"start":{"line":176,"column":4},"end":{"line":176,"column":16}}},"fnMap":{"0":{"name":"(anonymous_0)","decl":{"start":{"line":4,"column":27},"end":{"line":4,"column":28}},"loc":{"start":{"line":4,"column":53},"end":{"line":41,"column":1}},"line":4},"1":{"name":"(anonymous_1)","decl":{"start":{"line":43,"column":26},"end":{"line":43,"column":27}},"loc":{"start":{"line":43,"column":52},"end":{"line":63,"column":1}},"line":43},"2":{"name":"(anonymous_2)","decl":{"start":{"line":65,"column":29},"end":{"line":65,"column":30}},"loc":{"start":{"line":65,"column":55},"end":{"line":91,"column":1}},"line":65},"3":{"name":"(anonymous_3)","decl":{"start":{"line":75,"column":41},"end":{"line":75,"column":42}},"loc":{"start":{"line":75,"column":51},"end":{"line":79,"column":7}},"line":75},"4":{"name":"(anonymous_4)","decl":{"start":{"line":93,"column":29},"end":{"line":93,"column":30}},"loc":{"start":{"line":93,"column":55},"end":{"line":139,"column":1}},"line":93},"5":{"name":"(anonymous_5)","decl":{"start":{"line":141,"column":29},"end":{"line":141,"column":30}},"loc":{"start":{"line":141,"column":55},"end":{"line":178,"column":1}},"line":141}},"branchMap":{"0":{"loc":{"start":{"line":6,"column":17},"end":{"line":6,"column":46}},"type":"binary-expr","locations":[{"start":{"line":6,"column":17},"end":{"line":6,"column":41}},{"start":{"line":6,"column":45},"end":{"line":6,"column":46}}],"line":6},"1":{"loc":{"start":{"line":7,"column":18},"end":{"line":7,"column":49}},"type":"binary-expr","locations":[{"start":{"line":7,"column":18},"end":{"line":7,"column":43}},{"start":{"line":7,"column":47},"end":{"line":7,"column":49}}],"line":7},"2":{"loc":{"start":{"line":12,"column":4},"end":{"line":14,"column":5}},"type":"if","locations":[{"start":{"line":12,"column":4},"end":{"line":14,"column":5}},{"start":{},"end":{}}],"line":12},"3":{"loc":{"start":{"line":16,"column":4},"end":{"line":18,"column":5}},"type":"if","locations":[{"start":{"line":16,"column":4},"end":{"line":18,"column":5}},{"start":{},"end":{}}],"line":16},"4":{"loc":{"start":{"line":49,"column":4},"end":{"line":54,"column":5}},"type":"if","locations":[{"start":{"line":49,"column":4},"end":{"line":54,"column":5}},{"start":{},"end":{}}],"line":49},"5":{"loc":{"start":{"line":97,"column":4},"end":{"line":102,"column":5}},"type":"if","locations":[{"start":{"line":97,"column":4},"end":{"line":102,"column":5}},{"start":{},"end":{}}],"line":97},"6":{"loc":{"start":{"line":104,"column":4},"end":{"line":109,"column":5}},"type":"if","locations":[{"start":{"line":104,"column":4},"end":{"line":109,"column":5}},{"start":{},"end":{}}],"line":104},"7":{"loc":{"start":{"line":104,"column":8},"end":{"line":104,"column":77}},"type":"binary-expr","locations":[{"start":{"line":104,"column":8},"end":{"line":104,"column":48}},{"start":{"line":104,"column":52},"end":{"line":104,"column":77}}],"line":104},"8":{"loc":{"start":{"line":121,"column":4},"end":{"line":130,"column":5}},"type":"if","locations":[{"start":{"line":121,"column":4},"end":{"line":130,"column":5}},{"start":{},"end":{}}],"line":121},"9":{"loc":{"start":{"line":145,"column":4},"end":{"line":150,"column":5}},"type":"if","locations":[{"start":{"line":145,"column":4},"end":{"line":150,"column":5}},{"start":{},"end":{}}],"line":145},"10":{"loc":{"start":{"line":152,"column":4},"end":{"line":157,"column":5}},"type":"if","locations":[{"start":{"line":152,"column":4},"end":{"line":157,"column":5}},{"start":{},"end":{}}],"line":152},"11":{"loc":{"start":{"line":152,"column":8},"end":{"line":152,"column":77}},"type":"binary-expr","locations":[{"start":{"line":152,"column":8},"end":{"line":152,"column":48}},{"start":{"line":152,"column":52},"end":{"line":152,"column":77}}],"line":152}},"s":{"0":11,"1":2,"2":2,"3":2,"4":2,"5":2,"6":2,"7":0,"8":2,"9":1,"10":2,"11":2,"12":2,"13":0,"14":11,"15":0,"16":0,"17":0,"18":0,"19":0,"20":0,"21":11,"22":2,"23":2,"24":2,"25":2,"26":11,"27":2,"28":0,"29":11,"30":1,"31":1,"32":1,"33":0,"34":1,"35":0,"36":1,"37":1,"38":1,"39":1,"40":1,"41":1,"42":0,"43":11,"44":1,"45":1,"46":1,"47":0,"48":1,"49":0,"50":1,"51":1,"52":1,"53":0},"f":{"0":2,"1":0,"2":2,"3":11,"4":1,"5":1},"b":{"0":[2,2],"1":[2,2],"2":[0,2],"3":[1,1],"4":[0,0],"5":[0,1],"6":[0,1],"7":[1,0],"8":[1,0],"9":[0,1],"10":[0,1],"11":[1,0]},"inputSourceMap":null,"_coverageSchema":"1a1c01bbd47fc00a2c39e90264f33305004495a9","hash":"42e03faa3907f86388f6d19995093bb6e9ec8d9b"}
,"C:\\Users\\david\\dev\\sfdc\\server\\src\\controllers\\customFieldController.js": {"path":"C:\\Users\\david\\dev\\sfdc\\server\\src\\controllers\\customFieldController.js","statementMap":{"0":{"start":{"line":4,"column":29},"end":{"line":13,"column":1}},"1":{"start":{"line":5,"column":2},"end":{"line":12,"column":3}},"2":{"start":{"line":6,"column":4},"end":{"line":9,"column":7}},"3":{"start":{"line":11,"column":4},"end":{"line":11,"column":16}},"4":{"start":{"line":15,"column":31},"end":{"line":28,"column":1}},"5":{"start":{"line":16,"column":2},"end":{"line":27,"column":3}},"6":{"start":{"line":17,"column":25},"end":{"line":17,"column":35}},"7":{"start":{"line":19,"column":19},"end":{"line":19,"column":96}},"8":{"start":{"line":21,"column":4},"end":{"line":24,"column":7}},"9":{"start":{"line":26,"column":4},"end":{"line":26,"column":16}},"10":{"start":{"line":30,"column":30},"end":{"line":48,"column":1}},"11":{"start":{"line":31,"column":2},"end":{"line":47,"column":3}},"12":{"start":{"line":32,"column":18},"end":{"line":32,"column":92}},"13":{"start":{"line":34,"column":4},"end":{"line":39,"column":5}},"14":{"start":{"line":35,"column":6},"end":{"line":38,"column":9}},"15":{"start":{"line":41,"column":4},"end":{"line":44,"column":7}},"16":{"start":{"line":46,"column":4},"end":{"line":46,"column":16}},"17":{"start":{"line":50,"column":33},"end":{"line":98,"column":1}},"18":{"start":{"line":51,"column":2},"end":{"line":97,"column":3}},"19":{"start":{"line":52,"column":132},"end":{"line":52,"column":140}},"20":{"start":{"line":55,"column":19},"end":{"line":55,"column":56}},"21":{"start":{"line":56,"column":4},"end":{"line":61,"column":5}},"22":{"start":{"line":57,"column":6},"end":{"line":60,"column":9}},"23":{"start":{"line":64,"column":21},"end":{"line":64,"column":74}},"24":{"start":{"line":65,"column":4},"end":{"line":70,"column":5}},"25":{"start":{"line":66,"column":6},"end":{"line":69,"column":9}},"26":{"start":{"line":73,"column":21},"end":{"line":73,"column":83}},"27":{"start":{"line":74,"column":18},"end":{"line":74,"column":44}},"28":{"start":{"line":76,"column":18},"end":{"line":89,"column":6}},"29":{"start":{"line":91,"column":4},"end":{"line":94,"column":7}},"30":{"start":{"line":96,"column":4},"end":{"line":96,"column":16}},"31":{"start":{"line":100,"column":33},"end":{"line":136,"column":1}},"32":{"start":{"line":101,"column":2},"end":{"line":135,"column":3}},"33":{"start":{"line":102,"column":110},"end":{"line":102,"column":118}},"34":{"start":{"line":104,"column":16},"end":{"line":104,"column":57}},"35":{"start":{"line":106,"column":4},"end":{"line":111,"column":5}},"36":{"start":{"line":107,"column":6},"end":{"line":110,"column":9}},"37":{"start":{"line":113,"column":4},"end":{"line":127,"column":6}},"38":{"start":{"line":129,"column":4},"end":{"line":132,"column":7}},"39":{"start":{"line":134,"column":4},"end":{"line":134,"column":16}},"40":{"start":{"line":138,"column":33},"end":{"line":166,"column":1}},"41":{"start":{"line":139,"column":2},"end":{"line":165,"column":3}},"42":{"start":{"line":140,"column":18},"end":{"line":140,"column":59}},"43":{"start":{"line":142,"column":4},"end":{"line":147,"column":5}},"44":{"start":{"line":143,"column":6},"end":{"line":146,"column":9}},"45":{"start":{"line":150,"column":4},"end":{"line":155,"column":5}},"46":{"start":{"line":151,"column":6},"end":{"line":154,"column":9}},"47":{"start":{"line":157,"column":4},"end":{"line":157,"column":28}},"48":{"start":{"line":159,"column":4},"end":{"line":162,"column":7}},"49":{"start":{"line":164,"column":4},"end":{"line":164,"column":16}},"50":{"start":{"line":168,"column":29},"end":{"line":187,"column":1}},"51":{"start":{"line":169,"column":2},"end":{"line":186,"column":3}},"52":{"start":{"line":170,"column":25},"end":{"line":170,"column":35}},"53":{"start":{"line":171,"column":27},"end":{"line":171,"column":35}},"54":{"start":{"line":174,"column":4},"end":{"line":178,"column":6}},"55":{"start":{"line":176,"column":8},"end":{"line":176,"column":64}},"56":{"start":{"line":180,"column":4},"end":{"line":183,"column":7}},"57":{"start":{"line":185,"column":4},"end":{"line":185,"column":16}}},"fnMap":{"0":{"name":"(anonymous_0)","decl":{"start":{"line":4,"column":29},"end":{"line":4,"column":30}},"loc":{"start":{"line":4,"column":55},"end":{"line":13,"column":1}},"line":4},"1":{"name":"(anonymous_1)","decl":{"start":{"line":15,"column":31},"end":{"line":15,"column":32}},"loc":{"start":{"line":15,"column":57},"end":{"line":28,"column":1}},"line":15},"2":{"name":"(anonymous_2)","decl":{"start":{"line":30,"column":30},"end":{"line":30,"column":31}},"loc":{"start":{"line":30,"column":56},"end":{"line":48,"column":1}},"line":30},"3":{"name":"(anonymous_3)","decl":{"start":{"line":50,"column":33},"end":{"line":50,"column":34}},"loc":{"start":{"line":50,"column":59},"end":{"line":98,"column":1}},"line":50},"4":{"name":"(anonymous_4)","decl":{"start":{"line":100,"column":33},"end":{"line":100,"column":34}},"loc":{"start":{"line":100,"column":59},"end":{"line":136,"column":1}},"line":100},"5":{"name":"(anonymous_5)","decl":{"start":{"line":138,"column":33},"end":{"line":138,"column":34}},"loc":{"start":{"line":138,"column":59},"end":{"line":166,"column":1}},"line":138},"6":{"name":"(anonymous_6)","decl":{"start":{"line":168,"column":29},"end":{"line":168,"column":30}},"loc":{"start":{"line":168,"column":55},"end":{"line":187,"column":1}},"line":168},"7":{"name":"(anonymous_7)","decl":{"start":{"line":175,"column":21},"end":{"line":175,"column":22}},"loc":{"start":{"line":176,"column":8},"end":{"line":176,"column":64}},"line":176}},"branchMap":{"0":{"loc":{"start":{"line":34,"column":4},"end":{"line":39,"column":5}},"type":"if","locations":[{"start":{"line":34,"column":4},"end":{"line":39,"column":5}},{"start":{},"end":{}}],"line":34},"1":{"loc":{"start":{"line":56,"column":4},"end":{"line":61,"column":5}},"type":"if","locations":[{"start":{"line":56,"column":4},"end":{"line":61,"column":5}},{"start":{},"end":{}}],"line":56},"2":{"loc":{"start":{"line":65,"column":4},"end":{"line":70,"column":5}},"type":"if","locations":[{"start":{"line":65,"column":4},"end":{"line":70,"column":5}},{"start":{},"end":{}}],"line":65},"3":{"loc":{"start":{"line":74,"column":19},"end":{"line":74,"column":39}},"type":"binary-expr","locations":[{"start":{"line":74,"column":19},"end":{"line":74,"column":34}},{"start":{"line":74,"column":38},"end":{"line":74,"column":39}}],"line":74},"4":{"loc":{"start":{"line":81,"column":16},"end":{"line":81,"column":33}},"type":"binary-expr","locations":[{"start":{"line":81,"column":16},"end":{"line":81,"column":24}},{"start":{"line":81,"column":28},"end":{"line":81,"column":33}}],"line":81},"5":{"loc":{"start":{"line":82,"column":14},"end":{"line":82,"column":29}},"type":"binary-expr","locations":[{"start":{"line":82,"column":14},"end":{"line":82,"column":20}},{"start":{"line":82,"column":24},"end":{"line":82,"column":29}}],"line":82},"6":{"loc":{"start":{"line":84,"column":15},"end":{"line":84,"column":84}},"type":"cond-expr","locations":[{"start":{"line":84,"column":65},"end":{"line":84,"column":72}},{"start":{"line":84,"column":75},"end":{"line":84,"column":84}}],"line":84},"7":{"loc":{"start":{"line":84,"column":15},"end":{"line":84,"column":62}},"type":"binary-expr","locations":[{"start":{"line":84,"column":15},"end":{"line":84,"column":34}},{"start":{"line":84,"column":38},"end":{"line":84,"column":62}}],"line":84},"8":{"loc":{"start":{"line":85,"column":20},"end":{"line":85,"column":64}},"type":"cond-expr","locations":[{"start":{"line":85,"column":40},"end":{"line":85,"column":52}},{"start":{"line":85,"column":55},"end":{"line":85,"column":64}}],"line":85},"9":{"loc":{"start":{"line":106,"column":4},"end":{"line":111,"column":5}},"type":"if","locations":[{"start":{"line":106,"column":4},"end":{"line":111,"column":5}},{"start":{},"end":{}}],"line":106},"10":{"loc":{"start":{"line":120,"column":17},"end":{"line":120,"column":98}},"type":"cond-expr","locations":[{"start":{"line":120,"column":79},"end":{"line":120,"column":86}},{"start":{"line":120,"column":89},"end":{"line":120,"column":98}}],"line":120},"11":{"loc":{"start":{"line":120,"column":17},"end":{"line":120,"column":76}},"type":"binary-expr","locations":[{"start":{"line":120,"column":17},"end":{"line":120,"column":42}},{"start":{"line":120,"column":46},"end":{"line":120,"column":76}}],"line":120},"12":{"loc":{"start":{"line":121,"column":22},"end":{"line":121,"column":72}},"type":"cond-expr","locations":[{"start":{"line":121,"column":48},"end":{"line":121,"column":60}},{"start":{"line":121,"column":63},"end":{"line":121,"column":72}}],"line":121},"13":{"loc":{"start":{"line":142,"column":4},"end":{"line":147,"column":5}},"type":"if","locations":[{"start":{"line":142,"column":4},"end":{"line":147,"column":5}},{"start":{},"end":{}}],"line":142},"14":{"loc":{"start":{"line":150,"column":4},"end":{"line":155,"column":5}},"type":"if","locations":[{"start":{"line":150,"column":4},"end":{"line":155,"column":5}},{"start":{},"end":{}}],"line":150}},"s":{"0":11,"1":0,"2":0,"3":0,"4":11,"5":0,"6":0,"7":0,"8":0,"9":0,"10":11,"11":0,"12":0,"13":0,"14":0,"15":0,"16":0,"17":11,"18":0,"19":0,"20":0,"21":0,"22":0,"23":0,"24":0,"25":0,"26":0,"27":0,"28":0,"29":0,"30":0,"31":11,"32":0,"33":0,"34":0,"35":0,"36":0,"37":0,"38":0,"39":0,"40":11,"41":0,"42":0,"43":0,"44":0,"45":0,"46":0,"47":0,"48":0,"49":0,"50":11,"51":0,"52":0,"53":0,"54":0,"55":0,"56":0,"57":0},"f":{"0":0,"1":0,"2":0,"3":0,"4":0,"5":0,"6":0,"7":0},"b":{"0":[0,0],"1":[0,0],"2":[0,0],"3":[0,0],"4":[0,0],"5":[0,0],"6":[0,0],"7":[0,0],"8":[0,0],"9":[0,0],"10":[0,0],"11":[0,0],"12":[0,0],"13":[0,0],"14":[0,0]},"inputSourceMap":null,"_coverageSchema":"1a1c01bbd47fc00a2c39e90264f33305004495a9","hash":"462907d87475618113013bb440c7f2601d23b64c"}
,"C:\\Users\\david\\dev\\sfdc\\server\\src\\controllers\\customObjectController.js": {"path":"C:\\Users\\david\\dev\\sfdc\\server\\src\\controllers\\customObjectController.js","statementMap":{"0":{"start":{"line":4,"column":32},"end":{"line":26,"column":1}},"1":{"start":{"line":5,"column":2},"end":{"line":25,"column":3}},"2":{"start":{"line":6,"column":20},"end":{"line":6,"column":63}},"3":{"start":{"line":9,"column":30},"end":{"line":17,"column":5}},"4":{"start":{"line":11,"column":27},"end":{"line":11,"column":80}},"5":{"start":{"line":12,"column":8},"end":{"line":15,"column":10}},"6":{"start":{"line":19,"column":4},"end":{"line":22,"column":7}},"7":{"start":{"line":24,"column":4},"end":{"line":24,"column":16}},"8":{"start":{"line":28,"column":31},"end":{"line":51,"column":1}},"9":{"start":{"line":29,"column":2},"end":{"line":50,"column":3}},"10":{"start":{"line":30,"column":19},"end":{"line":30,"column":61}},"11":{"start":{"line":32,"column":4},"end":{"line":37,"column":5}},"12":{"start":{"line":33,"column":6},"end":{"line":36,"column":9}},"13":{"start":{"line":39,"column":19},"end":{"line":39,"column":98}},"14":{"start":{"line":41,"column":4},"end":{"line":47,"column":7}},"15":{"start":{"line":49,"column":4},"end":{"line":49,"column":16}},"16":{"start":{"line":53,"column":34},"end":{"line":95,"column":1}},"17":{"start":{"line":54,"column":2},"end":{"line":94,"column":3}},"18":{"start":{"line":55,"column":113},"end":{"line":55,"column":121}},"19":{"start":{"line":58,"column":21},"end":{"line":58,"column":57}},"20":{"start":{"line":59,"column":4},"end":{"line":64,"column":5}},"21":{"start":{"line":60,"column":6},"end":{"line":63,"column":9}},"22":{"start":{"line":66,"column":19},"end":{"line":76,"column":6}},"23":{"start":{"line":79,"column":4},"end":{"line":86,"column":7}},"24":{"start":{"line":88,"column":4},"end":{"line":91,"column":7}},"25":{"start":{"line":93,"column":4},"end":{"line":93,"column":16}},"26":{"start":{"line":97,"column":34},"end":{"line":130,"column":1}},"27":{"start":{"line":98,"column":2},"end":{"line":129,"column":3}},"28":{"start":{"line":99,"column":115},"end":{"line":99,"column":123}},"29":{"start":{"line":101,"column":17},"end":{"line":101,"column":59}},"30":{"start":{"line":103,"column":4},"end":{"line":108,"column":5}},"31":{"start":{"line":104,"column":6},"end":{"line":107,"column":9}},"32":{"start":{"line":110,"column":4},"end":{"line":115,"column":5}},"33":{"start":{"line":111,"column":6},"end":{"line":114,"column":9}},"34":{"start":{"line":117,"column":4},"end":{"line":121,"column":6}},"35":{"start":{"line":123,"column":4},"end":{"line":126,"column":7}},"36":{"start":{"line":128,"column":4},"end":{"line":128,"column":16}},"37":{"start":{"line":132,"column":34},"end":{"line":162,"column":1}},"38":{"start":{"line":133,"column":2},"end":{"line":161,"column":3}},"39":{"start":{"line":134,"column":19},"end":{"line":134,"column":61}},"40":{"start":{"line":136,"column":4},"end":{"line":141,"column":5}},"41":{"start":{"line":137,"column":6},"end":{"line":140,"column":9}},"42":{"start":{"line":143,"column":4},"end":{"line":148,"column":5}},"43":{"start":{"line":144,"column":6},"end":{"line":147,"column":9}},"44":{"start":{"line":151,"column":4},"end":{"line":151,"column":57}},"45":{"start":{"line":153,"column":4},"end":{"line":153,"column":29}},"46":{"start":{"line":155,"column":4},"end":{"line":158,"column":7}},"47":{"start":{"line":160,"column":4},"end":{"line":160,"column":16}}},"fnMap":{"0":{"name":"(anonymous_0)","decl":{"start":{"line":4,"column":32},"end":{"line":4,"column":33}},"loc":{"start":{"line":4,"column":58},"end":{"line":26,"column":1}},"line":4},"1":{"name":"(anonymous_1)","decl":{"start":{"line":10,"column":18},"end":{"line":10,"column":19}},"loc":{"start":{"line":10,"column":33},"end":{"line":16,"column":7}},"line":10},"2":{"name":"(anonymous_2)","decl":{"start":{"line":28,"column":31},"end":{"line":28,"column":32}},"loc":{"start":{"line":28,"column":57},"end":{"line":51,"column":1}},"line":28},"3":{"name":"(anonymous_3)","decl":{"start":{"line":53,"column":34},"end":{"line":53,"column":35}},"loc":{"start":{"line":53,"column":60},"end":{"line":95,"column":1}},"line":53},"4":{"name":"(anonymous_4)","decl":{"start":{"line":97,"column":34},"end":{"line":97,"column":35}},"loc":{"start":{"line":97,"column":60},"end":{"line":130,"column":1}},"line":97},"5":{"name":"(anonymous_5)","decl":{"start":{"line":132,"column":34},"end":{"line":132,"column":35}},"loc":{"start":{"line":132,"column":60},"end":{"line":162,"column":1}},"line":132}},"branchMap":{"0":{"loc":{"start":{"line":32,"column":4},"end":{"line":37,"column":5}},"type":"if","locations":[{"start":{"line":32,"column":4},"end":{"line":37,"column":5}},{"start":{},"end":{}}],"line":32},"1":{"loc":{"start":{"line":59,"column":4},"end":{"line":64,"column":5}},"type":"if","locations":[{"start":{"line":59,"column":4},"end":{"line":64,"column":5}},{"start":{},"end":{}}],"line":59},"2":{"loc":{"start":{"line":69,"column":19},"end":{"line":69,"column":45}},"type":"binary-expr","locations":[{"start":{"line":69,"column":19},"end":{"line":69,"column":30}},{"start":{"line":69,"column":34},"end":{"line":69,"column":45}}],"line":69},"3":{"loc":{"start":{"line":103,"column":4},"end":{"line":108,"column":5}},"type":"if","locations":[{"start":{"line":103,"column":4},"end":{"line":108,"column":5}},{"start":{},"end":{}}],"line":103},"4":{"loc":{"start":{"line":110,"column":4},"end":{"line":115,"column":5}},"type":"if","locations":[{"start":{"line":110,"column":4},"end":{"line":115,"column":5}},{"start":{},"end":{}}],"line":110},"5":{"loc":{"start":{"line":136,"column":4},"end":{"line":141,"column":5}},"type":"if","locations":[{"start":{"line":136,"column":4},"end":{"line":141,"column":5}},{"start":{},"end":{}}],"line":136},"6":{"loc":{"start":{"line":143,"column":4},"end":{"line":148,"column":5}},"type":"if","locations":[{"start":{"line":143,"column":4},"end":{"line":148,"column":5}},{"start":{},"end":{}}],"line":143}},"s":{"0":11,"1":0,"2":0,"3":0,"4":0,"5":0,"6":0,"7":0,"8":11,"9":0,"10":0,"11":0,"12":0,"13":0,"14":0,"15":0,"16":11,"17":0,"18":0,"19":0,"20":0,"21":0,"22":0,"23":0,"24":0,"25":0,"26":11,"27":0,"28":0,"29":0,"30":0,"31":0,"32":0,"33":0,"34":0,"35":0,"36":0,"37":11,"38":0,"39":0,"40":0,"41":0,"42":0,"43":0,"44":0,"45":0,"46":0,"47":0},"f":{"0":0,"1":0,"2":0,"3":0,"4":0,"5":0},"b":{"0":[0,0],"1":[0,0],"2":[0,0],"3":[0,0],"4":[0,0],"5":[0,0],"6":[0,0]},"inputSourceMap":null,"_coverageSchema":"1a1c01bbd47fc00a2c39e90264f33305004495a9","hash":"f37a16237b75233594a01e4652b0ecd527aabb99"}
,"C:\\Users\\david\\dev\\sfdc\\server\\src\\controllers\\leadController.js": {"path":"C:\\Users\\david\\dev\\sfdc\\server\\src\\controllers\\leadController.js","statementMap":{"0":{"start":{"line":4,"column":24},"end":{"line":44,"column":1}},"1":{"start":{"line":5,"column":2},"end":{"line":43,"column":3}},"2":{"start":{"line":6,"column":17},"end":{"line":6,"column":46}},"3":{"start":{"line":7,"column":18},"end":{"line":7,"column":49}},"4":{"start":{"line":8,"column":17},"end":{"line":8,"column":35}},"5":{"start":{"line":10,"column":16},"end":{"line":10,"column":38}},"6":{"start":{"line":12,"column":4},"end":{"line":14,"column":5}},"7":{"start":{"line":13,"column":6},"end":{"line":13,"column":50}},"8":{"start":{"line":16,"column":4},"end":{"line":18,"column":5}},"9":{"start":{"line":17,"column":6},"end":{"line":17,"column":38}},"10":{"start":{"line":20,"column":4},"end":{"line":22,"column":5}},"11":{"start":{"line":21,"column":6},"end":{"line":21,"column":38}},"12":{"start":{"line":24,"column":18},"end":{"line":24,"column":50}},"13":{"start":{"line":25,"column":18},"end":{"line":29,"column":19}},"14":{"start":{"line":31,"column":4},"end":{"line":40,"column":7}},"15":{"start":{"line":42,"column":4},"end":{"line":42,"column":16}},"16":{"start":{"line":46,"column":23},"end":{"line":64,"column":1}},"17":{"start":{"line":47,"column":2},"end":{"line":63,"column":3}},"18":{"start":{"line":48,"column":17},"end":{"line":48,"column":83}},"19":{"start":{"line":50,"column":4},"end":{"line":55,"column":5}},"20":{"start":{"line":51,"column":6},"end":{"line":54,"column":9}},"21":{"start":{"line":57,"column":4},"end":{"line":60,"column":7}},"22":{"start":{"line":62,"column":4},"end":{"line":62,"column":16}},"23":{"start":{"line":66,"column":26},"end":{"line":92,"column":1}},"24":{"start":{"line":67,"column":2},"end":{"line":91,"column":3}},"25":{"start":{"line":68,"column":4},"end":{"line":68,"column":33}},"26":{"start":{"line":69,"column":17},"end":{"line":69,"column":44}},"27":{"start":{"line":72,"column":4},"end":{"line":83,"column":7}},"28":{"start":{"line":76,"column":51},"end":{"line":80,"column":7}},"29":{"start":{"line":85,"column":4},"end":{"line":88,"column":7}},"30":{"start":{"line":90,"column":4},"end":{"line":90,"column":16}},"31":{"start":{"line":94,"column":26},"end":{"line":140,"column":1}},"32":{"start":{"line":95,"column":2},"end":{"line":139,"column":3}},"33":{"start":{"line":96,"column":15},"end":{"line":96,"column":49}},"34":{"start":{"line":98,"column":4},"end":{"line":103,"column":5}},"35":{"start":{"line":99,"c
[...]
,"C:\\Users\\david\\dev\\sfdc\\server\\src\\routes\\accountRoutes.js": {"path":"C:\\Users\\david\\dev\\sfdc\\server\\src\\routes\\accountRoutes.js","statementMap":{"0":{"start":{"line":13,"column":15},"end":{"line":13,"column":31}},"1":{"start":{"line":15,"column":0},"end":{"line":15,"column":20}},"2":{"start":{"line":17,"column":0},"end":{"line":19,"column":47}},"3":{"start":{"line":21,"column":0},"end":{"line":24,"column":25}}},"fnMap":{},"branchMap":{},"s":{"0":11,"1":11,"2":11,"3":11},"f":{},"b":{},"inputSourceMap":null,"_coverageSchema":"1a1c01bbd47fc00a2c39e90264f33305004495a9","hash":"ec04754019b2a071339962ba7b50eba8f14ebc69"}
,"C:\\Users\\david\\dev\\sfdc\\server\\src\\routes\\activityRoutes.js": {"path":"C:\\Users\\david\\dev\\sfdc\\server\\src\\routes\\activityRoutes.js","statementMap":{"0":{"start":{"line":13,"column":15},"end":{"line":13,"column":31}},"1":{"start":{"line":15,"column":0},"end":{"line":15,"column":20}},"2":{"start":{"line":17,"column":0},"end":{"line":19,"column":49}},"3":{"start":{"line":21,"column":0},"end":{"line":24,"column":26}}},"fnMap":{},"branchMap":{},"s":{"0":11,"1":11,"2":11,"3":11},"f":{},"b":{},"inputSourceMap":null,"_coverageSchema":"1a1c01bbd47fc00a2c39e90264f33305004495a9","hash":"d5ee41910b846f183d6110279e32c85d7d3942f1"}
,"C:\\Users\\david\\dev\\sfdc\\server\\src\\routes\\adminRoutes.js": {"path":"C:\\Users\\david\\dev\\sfdc\\server\\src\\routes\\adminRoutes.js","statementMap":{"0":{"start":{"line":5,"column":15},"end":{"line":5,"column":31}},"1":{"start":{"line":7,"column":0},"end":{"line":7,"column":20}},"2":{"start":{"line":8,"column":0},"end":{"line":8,"column":31}},"3":{"start":{"line":10,"column":0},"end":{"line":12,"column":27}}},"fnMap":{},"branchMap":{},"s":{"0":11,"1":11,"2":11,"3":11},"f":{},"b":{},"inputSourceMap":null,"_coverageSchema":"1a1c01bbd47fc00a2c39e90264f33305004495a9","hash":"0fa0c1cf2149336312add8395c906209d4f93357"}
,"C:\\Users\\david\\dev\\sfdc\\server\\src\\routes\\attachmentRoutes.js": {"path":"C:\\Users\\david\\dev\\sfdc\\server\\src\\routes\\attachmentRoutes.js","statementMap":{"0":{"start":{"line":11,"column":15},"end":{"line":11,"column":31}},"1":{"start":{"line":14,"column":15},"end":{"line":19,"column":2}},"2":{"start":{"line":22,"column":0},"end":{"line":22,"column":20}},"3":{"start":{"line":25,"column":0},"end":{"line":25,"column":32}},"4":{"start":{"line":26,"column":0},"end":{"line":26,"column":34}},"5":{"start":{"line":27,"column":0},"end":{"line":27,"column":58}},"6":{"start":{"line":28,"column":0},"end":{"line":28,"column":40}}},"fnMap":{},"branchMap":{},"s":{"0":11,"1":11,"2":11,"3":11,"4":11,"5":11,"6":11},"f":{},"b":{},"inputSourceMap":null,"_coverageSchema":"1a1c01bbd47fc00a2c39e90264f33305004495a9","hash":"e31a31b415fc4c37fb472e1de389b8ef2864361b"}
,"C:\\Users\\david\\dev\\sfdc\\server\\src\\routes\\auditRoutes.js": {"path":"C:\\Users\\david\\dev\\sfdc\\server\\src\\routes\\auditRoutes.js","statementMap":{"0":{"start":{"line":5,"column":15},"end":{"line":5,"column":31}},"1":{"start":{"line":8,"column":0},"end":{"line":8,"column":20}},"2":{"start":{"line":11,"column":0},"end":{"line":11,"column":55}},"3":{"start":{"line":14,"column":0},"end":{"line":14,"column":46}}},"fnMap":{},"branchMap":{},"s":{"0":11,"1":11,"2":11,"3":11},"f":{},"b":{},"inputSourceMap":null,"_coverageSchema":"1a1c01bbd47fc00a2c39e90264f33305004495a9","hash":"e32b422c345681adbb638aba9597827c9d11b7ec"}
,"C:\\Users\\david\\dev\\sfdc\\server\\src\\routes\\authRoutes.js": {"path":"C:\\Users\\david\\dev\\sfdc\\server\\src\\routes\\authRoutes.js","statementMap":{"0":{"start":{"line":8,"column":15},"end":{"line":8,"column":31}},"1":{"start":{"line":10,"column":0},"end":{"line":10,"column":60}},"2":{"start":{"line":11,"column":0},"end":{"line":11,"column":51}},"3":{"start":{"line":12,"column":0},"end":{"line":12,"column":31}},"4":{"start":{"line":13,"column":0},"end":{"line":13,"column":34}},"5":{"start":{"line":16,"column":0},"end":{"line":19,"column":2}},"6":{"start":{"line":20,"column":0},"end":{"line":24,"column":2}},"7":{"start":{"line":27,"column":0},"end":{"line":30,"column":2}},"8":{"start":{"line":31,"column":0},"end":{"line":35,"column":2}}},"fnMap":{},"branchMap":{},"s":{"0":11,"1":11,"2":11,"3":11,"4":11,"5":11,"6":11,"7":11,"8":11},"f":{},"b":{},"inputSourceMap":null,"_coverageSchema":"1a1c01bbd47fc00a2c39e90264f33305004495a9","hash":"3eacd827a5edf102c778931330ba95fc58fe0ee3"}
,"C:\\Users\\david\\dev\\sfdc\\server\\src\\routes\\contactRoutes.js": {"path":"C:\\Users\\david\\dev\\sfdc\\server\\src\\routes\\contactRoutes.js","statementMap":{"0":{"start":{"line":13,"column":15},"end":{"line":13,"column":31}},"1":{"start":{"line":15,"column":0},"end":{"line":15,"column":20}},"2":{"start":{"line":17,"column":0},"end":{"line":19,"column":47}},"3":{"start":{"line":21,"column":0},"end":{"line":24,"column":25}}},"fnMap":{},"branchMap":{},"s":{"0":11,"1":11,"2":11,"3":11},"f":{},"b":{},"inputSourceMap":null,"_coverageSchema":"1a1c01bbd47fc00a2c39e90264f33305004495a9","hash":"d6c0c68173f51c1304fdaa0954b02feec332fdd7"}
,"C:\\Users\\david\\dev\\sfdc\\server\\src\\routes\\leadRoutes.js": {"path":"C:\\Users\\david\\dev\\sfdc\\server\\src\\routes\\leadRoutes.js","statementMap":{"0":{"start":{"line":14,"column":15},"end":{"line":14,"column":31}},"1":{"start":{"line":16,"column":0},"end":{"line":16,"column":20}},"2":{"start":{"line":18,"column":0},"end":{"line":20,"column":41}},"3":{"start":{"line":22,"column":0},"end":{"line":25,"column":22}},"4":{"start":{"line":27,"column":0},"end":{"line":27,"column":41}}},"fnMap":{},"branchMap":{},"s":{"0":11,"1":11,"2":11,"3":11,"4":11},"f":{},"b":{},"inputSourceMap":null,"_coverageSchema":"1a1c01bbd47fc00a2c39e90264f33305004495a9","hash":"ffa842a1bf750c7d78c0e6cdc1cbcf4d78ebfb65"}
,"C:\\Users\\david\\dev\\sfdc\\server\\src\\routes\\noteRoutes.js": {"path":"C:\\Users\\david\\dev\\sfdc\\server\\src\\routes\\noteRoutes.js","statementMap":{"0":{"start":{"line":11,"column":15},"end":{"line":11,"column":31}},"1":{"start":{"line":14,"column":0},"end":{"line":14,"column":20}},"2":{"start":{"line":17,"column":0},"end":{"line":17,"column":26}},"3":{"start":{"line":18,"column":0},"end":{"line":18,"column":28}},"4":{"start":{"line":19,"column":0},"end":{"line":19,"column":29}},"5":{"start":{"line":20,"column":0},"end":{"line":20,"column":31}},"6":{"start":{"line":21,"column":0},"end":{"line":21,"column":34}}},"fnMap":{},"branchMap":{},"s":{"0":11,"1":11,"2":11,"3":11,"4":11,"5":11,"6":11},"f":{},"b":{},"inputSourceMap":null,"_coverageSchema":"1a1c01bbd47fc00a2c39e90264f33305004495a9","hash":"37359671427d644247d1a55e48be89ab67cd610f"}
,"C:\\Users\\david\\dev\\sfdc\\server\\src\\routes\\opportunityRoutes.js": {"path":"C:\\Users\\david\\dev\\sfdc\\server\\src\\routes\\opportunityRoutes.js","statementMap":{"0":{"start":{"line":13,"column":15},"end":{"line":13,"column":31}},"1":{"start":{"line":15,"column":0},"end":{"line":15,"column":20}},"2":{"start":{"line":17,"column":0},"end":{"line":19,"column":55}},"3":{"start":{"line":21,"column":0},"end":{"line":24,"column":29}}},"fnMap":{},"branchMap":{},"s":{"0":11,"1":11,"2":11,"3":11},"f":{},"b":{},"inputSourceMap":null,"_coverageSchema":"1a1c01bbd47fc00a2c39e90264f33305004495a9","hash":"273f15c8cfad38a869d7b1cf3ba78a69c08c6d59"}
,"C:\\Users\\david\\dev\\sfdc\\server\\src\\routes\\reportRoutes.js": {"path":"C:\\Users\\david\\dev\\sfdc\\server\\src\\routes\\reportRoutes.js","statementMap":{"0":{"start":{"line":11,"column":15},"end":{"line":11,"column":31}},"1":{"start":{"line":13,"column":0},"end":{"line":13,"column":20}},"2":{"start":{"line":15,"column":0},"end":{"line":15,"column":43}},"3":{"start":{"line":16,"column":0},"end":{"line":16,"column":49}},"4":{"start":{"line":17,"column":0},"end":{"line":17,"column":49}},"5":{"start":{"line":18,"column":0},"end":{"line":18,"column":46}},"6":{"start":{"line":19,"column":0},"end":{"line":19,"column":39}}},"fnMap":{},"branchMap":{},"s":{"0":11,"1":11,"2":11,"3":11,"4":11,"5":11,"6":11},"f":{},"b":{},"inputSourceMap":null,"_coverageSchema":"1a1c01bbd47fc00a2c39e90264f33305004495a9","hash":"347d953f04b5c11db7483f8621d69f3f6713dbd6"}
,"C:\\Users\\david\\dev\\sfdc\\server\\src\\routes\\searchRoutes.js": {"path":"C:\\Users\\david\\dev\\sfdc\\server\\src\\routes\\searchRoutes.js","statementMap":{"0":{"start":{"line":5,"column":15},"end":{"line":5,"column":31}},"1":{"start":{"line":7,"column":0},"end":{"line":7,"column":20}},"2":{"start":{"line":9,"column":0},"end":{"line":9,"column":30}}},"fnMap":{},"branchMap":{},"s":{"0":11,"1":11,"2":11},"f":{},"b":{},"inputSourceMap":null,"_coverageSchema":"1a1c01bbd47fc00a2c39e90264f33305004495a9","hash":"f02a7122033236b4c59f8f5793732c3b06731dbd"}
,"C:\\Users\\david\\dev\\sfdc\\server\\src\\routes\\setupRoutes.js": {"path":"C:\\Users\\david\\dev\\sfdc\\server\\src\\routes\\setupRoutes.js","statementMap":{"0":{"start":{"line":20,"column":15},"end":{"line":20,"column":31}},"1":{"start":{"line":22,"column":0},"end":{"line":22,"column":20}},"2":{"start":{"line":23,"column":0},"end":{"line":23,"column":31}},"3":{"start":{"line":26,"column":0},"end":{"line":28,"column":28}},"4":{"start":{"line":30,"column":0},"end":{"line":33,"column":30}},"5":{"start":{"line":36,"column":0},"end":{"line":36,"column":42}},"6":{"start":{"line":39,"column":0},"end":{"line":41,"column":27}},"7":{"start":{"line":43,"column":0},"end":{"line":46,"column":29}},"8":{"start":{"line":48,"column":0},"end":{"line":48,"column":63}}},"fnMap":{},"branchMap":{},"s":{"0":11,"1":11,"2":11,"3":11,"4":11,"5":11,"6":11,"7":11,"8":11},"f":{},"b":{},"inputSourceMap":null,"_coverageSchema":"1a1c01bbd47fc00a2c39e90264f33305004495a9","hash":"05bfd138e070439af4efd1541a0f78f291c62424"}
,"C:\\Users\\david\\dev\\sfdc\\server\\src\\routes\\taskRoutes.js": {"path":"C:\\Users\\david\\dev\\sfdc\\server\\src\\routes\\taskRoutes.js","statementMap":{"0":{"start":{"line":13,"column":15},"end":{"line":13,"column":31}},"1":{"start":{"line":15,"column":0},"end":{"line":15,"column":20}},"2":{"start":{"line":17,"column":0},"end":{"line":19,"column":41}},"3":{"start":{"line":21,"column":0},"end":{"line":24,"column":22}}},"fnMap":{},"branchMap":{},"s":{"0":11,"1":11,"2":11,"3":11},"f":{},"b":{},"inputSourceMap":null,"_coverageSchema":"1a1c01bbd47fc00a2c39e90264f33305004495a9","hash":"7ac5e8010e2bc39629376635c88517f252ab2266"}
,"C:\\Users\\david\\dev\\sfdc\\server\\src\\routes\\userAdminRoutes.js": {"path":"C:\\Users\\david\\dev\\sfdc\\server\\src\\routes\\userAdminRoutes.js","statementMap":{"0":{"start":{"line":12,"column":15},"end":{"line":12,"column":31}},"1":{"start":{"line":14,"column":0},"end":{"line":14,"column":20}},"2":{"start":{"line":15,"column":0},"end":{"line":15,"column":31}},"3":{"start":{"line":17,"column":0},"end":{"line":17,"column":38}},"4":{"start":{"line":18,"column":0},"end":{"line":18,"column":26}},"5":{"start":{"line":19,"column":0},"end":{"line":19,"column":28}},"6":{"start":{"line":20,"column":0},"end":{"line":20,"column":31}},"7":{"start":{"line":21,"column":0},"end":{"line":21,"column":34}},"8":{"start":{"line":22,"column":0},"end":{"line":22,"column":54}}},"fnMap":{},"branchMap":{},"s":{"0":11,"1":11,"2":11,"3":11,"4":11,"5":11,"6":11,"7":11,"8":11},"f":{},"b":{},"inputSourceMap":null,"_coverageSchema":"1a1c01bbd47fc00a2c39e90264f33305004495a9","hash":"97f559120092ca0f4c806ca52afec1f99f6cc038"}
,"C:\\Users\\david\\dev\\sfdc\\server\\src\\utils\\audit.js": {"path":"C:\\Users\\david\\dev\\sfdc\\server\\src\\utils\\audit.js","statementMap":{"0":{"start":{"line":6,"column":22},"end":{"line":36,"column":1}},"1":{"start":{"line":7,"column":17},"end":{"line":34,"column":3}},"2":{"start":{"line":35,"column":2},"end":{"line":35,"column":32}},"3":{"start":{"line":41,"column":20},"end":{"line":50,"column":1}},"4":{"start":{"line":42,"column":2},"end":{"line":42,"column":55}},"5":{"start":{"line":42,"column":45},"end":{"line":42,"column":55}},"6":{"start":{"line":43,"column":2},"end":{"line":45,"column":3}},"7":{"start":{"line":44,"column":4},"end":{"line":44,"column":46}},"8":{"start":{"line":46,"column":2},"end":{"line":48,"column":3}},"9":{"start":{"line":47,"column":4},"end":{"line":47,"column":38}},"10":{"start":{"line":49,"column":2},"end":{"line":49,"column":23}},"11":{"start":{"line":55,"column":29},"end":{"line":85,"column":1}},"12":{"start":{"line":56,"column":18},"end":{"line":56,"column":20}},"13":{"start":{"line":57,"column":18},"end":{"line":60,"column":4}},"14":{"start":{"line":63,"column":21},"end":{"line":63,"column":61}},"15":{"start":{"line":65,"column":2},"end":{"line":82,"column":3}},"16":{"start":{"line":66,"column":4},"end":{"line":66,"column":43}},"17":{"start":{"line":66,"column":34},"end":{"line":66,"column":43}},"18":{"start":{"line":68,"column":19},"end":{"line":68,"column":32}},"19":{"start":{"line":69,"column":19},"end":{"line":69,"column":32}},"20":{"start":{"line":72,"column":19},"end":{"line":72,"column":41}},"21":{"start":{"line":73,"column":19},"end":{"line":73,"column":41}},"22":{"start":{"line":75,"column":4},"end":{"line":81,"column":5}},"23":{"start":{"line":76,"column":6},"end":{"line":80,"column":9}},"24":{"start":{"line":84,"column":2},"end":{"line":84,"column":17}},"25":{"start":{"line":90,"column":30},"end":{"line":114,"column":1}},"26":{"start":{"line":98,"column":2},"end":{"line":113,"column":3}},"27":{"start":{"line":99,"column":21},"end":{"line":106,"column":6}},"28":{"start":{"line":107,"column":4},"end":{"line":107,"column":26}},"29":{"start":{"line":108,"column":4},"end":{"line":108,"column":20}},"30":{"start":{"line":110,"column":4},"end":{"line":110,"column":54}},"31":{"start":{"line":112,"column":4},"end":{"line":112,"column":16}},"32":{"start":{"line":119,"column":31},"end":{"line":135,"column":1}},"33":{"start":{"line":125,"column":15},"end":{"line":132,"column":40}},"34":{"start":{"line":134,"column":2},"end":{"line":134,"column":14}},"35":{"start":{"line":140,"column":37},"end":{"line":152,"column":1}},"36":{"start":{"line":144,"column":15},"end":{"line":149,"column":40}},"37":{"start":{"line":151,"column":2},"end":{"line":151,"column":14}}},"fnMap":{"0":{"name":"(anonymous_0)","decl":{"start":{"line":6,"column":22},"end":{"line":6,"column":23}},"loc":{"start":{"line":6,"column":33},"end":{"line":36,"column":1}},"line":6},"1":{"name":"(anonymous_1)","decl":{"start":{"line":41,"column":20},"end":{"line":41,"column":21}},"loc":{"start":{"line":41,"column":31},"end":{"line":50,"column":1}},"line":41},"2":{"name":"(anonymous_2)","decl":{"start":{"line":55,"column":29},"end":{"line":55,"column":30}},"loc":{"start":{"line":55,"column":49},"end":{"line":85,"column":1}},"line":55},"3":{"name":"(anonymous_3)","decl":{"start":{"line":90,"column":30},"end":{"line":90,"column":31}},"loc":{"start":{"line":97,"column":6},"end":{"line":114,"column":1}},"line":97},"4":{"name":"(anonymous_4)","decl":{"start":{"line":119,"column":31},"end":{"line":119,"column":32}},"loc":{"start":{"line":124,"column":6},"end":{"line":135,"column":1}},"line":124},"5":{"name":"(anonymous_5)","decl":{"start":{"line":140,"column":37},"end":{"line":140,"column":38}},"loc":{"start":{"line":143,"column":6},"end":{"line":152,"column":1}},"line":143}},"branchMap":{"0":{"loc":{"start":{"line":35,"column":9},"end":{"line":35,"column":31}},"type":"binary-expr","locations":[{"start":{"line":35,"column":9},"end":{"line":35,"column":22}},{"start":{"line":35,"column":26},"end":{"line":35,"column":31}}],"line":35},"1":{"loc":{"start":{"line":42,"column":2},"end":{"line":42,"column":55}},"type":"if","locations":[{"start":{"line":42,"column":2},"end":{"line":42,"column":55}},{"start":{},"end":{}}],"line":42},"2":{"loc":{"start":{"line":42,"column":6},"end":{"line":42,"column":43}},"type":"binary-expr","locations":[{"start":{"line":42,"column":6},"end":{"line":42,"column":20}},{"start":{"line":42,"column":24},"end":{"line":42,"column":43}}],"line":42},"3":{"loc":{"start":{"line":43,"column":2},"end":{"line":45,"column":3}},"type":"if","locations":[{"start":{"line":43,"column":2},"end":{"line":45,"column":3}},{"start":{},"end":{}}],"line":43},"4":{"loc":{"start":{"line":43,"column":6},"end":{"line":43,"column":44}},"type":"binary-expr","locations":[{"start":{"line":43,"column":6},"end":{"line":43,"column":31}},{"start":{"line":43,"column":35},"end":{"line":43,"column":44}}],"line":43},"5":{"loc":{"start":{"line":44,"column":11},"end":{"line":44,"column":45}},"type":"binary-expr","locations":[{"start":{"line":44,"column":11},"end":{"line":44,"column":21}},{"start":{"line":44,"column":25},"end":{"line":44,"column":45}}],"line":44},"6":{"loc":{"start":{"line":46,"column":2},"end":{"line":48,"column":3}},"type":"if","locations":[{"start":{"line":46,"column":2},"end":{"line":48,"column":3}},{"start":{},"end":{}}],"line":46},"7":{"loc":{"start":{"line":58,"column":19},"end":{"line":58,"column":31}},"type":"binary-expr","locations":[{"start":{"line":58,"column":19},"end":{"line":58,"column":25}},{"start":{"line":58,"column":29},"end":{"line":58,"column":31}}],"line":58},"8":{"loc":{"start":{"line":59,"column":19},"end":{"line":59,"column":31}},"type":"binary-expr","locations":[{"start":{"line":59,"column":19},"end":{"line":59,"column":25}},{"start":{"line":59,"column":29},"end":{"line":59,"column":31}}],"line":59},"9":{"loc":{"start":{"line":66,"column":4},"end":{"line":66,"column":43}},"type":"if","locations":[{"start":{"line":66,"column":4},"end":{"line":66,"column":43}},{"start":{},"end":{}}],"line":66},"10":{"loc":{"start":{"line":75,"column":4},"end":{"line":81,"column":5}},"type":"if","locations":[{"start":{"line":75,"column":4},"end":{"line":81,"column":5}},{"start":{},"end":{}}],"line":75},"11":{"loc":{"start":{"line":123,"column":2},"end":{"line":123,"column":12}},"type":"default-arg","locations":[{"start":{"line":123,"column":10},"end":{"line":123,"column":12}}],"line":123},"12":{"loc":{"start":{"line":142,"column":2},"end":{"line":142,"column":13}},"type":"default-arg","locations":[{"start":{"line":142,"column":10},"end":{"line":142,"column":13}}],"line":142}},"s":{"0":11,"1":0,"2":0,"3":11,"4":22,"5":2,"6":20,"7":0,"8":20,"9":2,"10":18,"11":11,"12":4,"13":4,"14":4,"15":4,"16":36,"17":16,"18":20,"19":20,"20":20,"21":20,"22":20,"23":11,"24":4,"25":11,"26":29,"27":29,"28":29,"29":29,"30":0,"31":0,"32":11,"33":0,"34":0,"35":11,"36":0,"37":0},"f":{"0":0,"1":22,"2":4,"3":29,"4":0,"5":0},"b":{"0":[0,0],"1":[2,20],"2":[22,22],"3":[0,20],"4":[20,2],"5":[0,0],"6":[2,18],"7":[4,0],"8":[4,0],"9":[16,20],"10":[11,9],"11":[0],"12":[0]},"inputSourceMap":null,"_coverageSchema":"1a1c01bbd47fc00a2c39e90264f33305004495a9","hash":"38a46ab78021ad6cdc3b53b7adcb32936c8b1339"}
}
