TN:
SF:src\app.js
FN:71,(anonymous_0)
FN:93,(anonymous_1)
FNF:2
FNH:0
FNDA:0,(anonymous_0)
FNDA:0,(anonymous_1)
DA:33,11
DA:36,11
DA:39,11
DA:42,11
DA:45,11
DA:48,11
DA:56,11
DA:59,11
DA:60,0
DA:64,11
DA:68,11
DA:71,11
DA:72,0
DA:76,11
DA:77,11
DA:78,11
DA:79,11
DA:80,11
DA:81,11
DA:82,11
DA:83,11
DA:84,11
DA:85,11
DA:86,11
DA:87,11
DA:88,11
DA:89,11
DA:90,11
DA:93,11
DA:94,0
DA:101,11
LF:31
LH:28
BRDA:50,0,0,11
BRDA:50,0,1,11
BRDA:59,1,0,0
BRDA:59,1,1,11
BRF:4
BRH:3
end_of_record
TN:
SF:src\config\passport.js
FN:6,(anonymous_0)
FN:10,(anonymous_1)
FN:28,(anonymous_2)
FN:68,(anonymous_3)
FNF:4
FNH:0
FNDA:0,(anonymous_0)
FNDA:0,(anonymous_1)
FNDA:0,(anonymous_2)
FNDA:0,(anonymous_3)
DA:6,11
DA:7,0
DA:10,11
DA:11,0
DA:12,0
DA:13,0
DA:15,0
DA:20,11
DA:21,0
DA:29,0
DA:30,0
DA:32,0
DA:33,0
DA:35,0
DA:36,0
DA:37,0
DA:38,0
DA:40,0
DA:50,0
DA:52,0
DA:60,11
DA:61,0
DA:69,0
DA:70,0
DA:72,0
DA:73,0
DA:74,0
DA:76,0
DA:77,0
DA:78,0
DA:79,0
DA:81,0
DA:91,0
DA:93,0
LF:34
LH:4
BRDA:20,0,0,0
BRDA:20,0,1,11
BRDA:20,1,0,11
BRDA:20,1,1,0
BRDA:32,2,0,0
BRDA:32,2,1,0
BRDA:35,3,0,0
BRDA:35,3,1,0
BRDA:37,4,0,0
BRDA:37,4,1,0
BRDA:60,5,0,0
BRDA:60,5,1,11
BRDA:60,6,0,11
BRDA:60,6,1,0
BRDA:72,7,0,0
BRDA:72,7,1,0
BRDA:73,8,0,0
BRDA:73,8,1,0
BRDA:76,9,0,0
BRDA:76,9,1,0
BRDA:78,10,0,0
BRDA:78,10,1,0
BRDA:84,11,0,0
BRDA:84,11,1,0
BRF:24
BRH:4
end_of_record
TN:
SF:src\controllers\accountController.js
FN:6,(anonymous_0)
FN:48,(anonymous_1)
FN:71,(anonymous_2)
FN:81,(anonymous_3)
FN:101,(anonymous_4)
FN:152,(anonymous_5)
FNF:6
FNH:6
FNDA:2,(anonymous_0)
FNDA:2,(anonymous_1)
FNDA:1,(anonymous_2)
FNDA:5,(anonymous_3)
FNDA:1,(anonymous_4)
FNDA:1,(anonymous_5)
DA:6,11
DA:7,2
DA:8,2
DA:9,2
DA:10,2
DA:12,2
DA:15,2
DA:16,0
DA:20,2
DA:21,0
DA:24,2
DA:25,2
DA:31,2
DA:42,0
DA:48,11
DA:49,2
DA:50,2
DA:53,2
DA:54,1
DA:60,1
DA:65,0
DA:71,11
DA:72,1
DA:73,1
DA:74,1
DA:77,1
DA:81,5
DA:90,1
DA:95,0
DA:101,11
DA:102,1
DA:103,1
DA:105,1
DA:106,0
DA:113,1
DA:114,0
DA:121,1
DA:123,1
DA:129,1
DA:130,1
DA:131,1
DA:141,1
DA:146,0
DA:152,11
DA:153,1
DA:154,1
DA:156,1
DA:157,0
DA:164,1
DA:165,0
DA:172,1
DA:181,1
DA:183,1
DA:188,0
LF:54
LH:43
BRDA:8,0,0,2
BRDA:8,0,1,1
BRDA:9,1,0,2
BRDA:9,1,1,1
BRDA:15,2,0,0
BRDA:15,2,1,2
BRDA:20,3,0,0
BRDA:20,3,1,2
BRDA:53,4,0,1
BRDA:53,4,1,1
BRDA:105,5,0,0
BRDA:105,5,1,1
BRDA:113,6,0,0
BRDA:113,6,1,1
BRDA:113,7,0,1
BRDA:113,7,1,0
BRDA:130,8,0,1
BRDA:130,8,1,0
BRDA:156,9,0,0
BRDA:156,9,1,1
BRDA:164,10,0,0
BRDA:164,10,1,1
BRDA:164,11,0,1
BRDA:164,11,1,0
BRF:24
BRH:15
end_of_record
TN:
SF:src\controllers\activityController.js
FN:3,(anonymous_0)
FN:53,(anonymous_1)
FN:77,(anonymous_2)
FN:91,(anonymous_3)
FN:123,(anonymous_4)
FNF:5
FNH:5
FNDA:3,(anonymous_0)
FNDA:2,(anonymous_1)
FNDA:5,(anonymous_2)
FNDA:1,(anonymous_3)
FNDA:1,(anonymous_4)
DA:3,11
DA:4,3
DA:5,3
DA:6,3
DA:7,3
DA:9,3
DA:11,3
DA:12,1
DA:15,3
DA:16,1
DA:19,3
DA:20,0
DA:23,3
DA:24,0
DA:27,3
DA:28,3
DA:38,3
DA:49,0
DA:53,11
DA:54,2
DA:55,2
DA:61,2
DA:62,1
DA:68,1
DA:73,0
DA:77,11
DA:78,5
DA:79,5
DA:80,5
DA:82,5
DA:87,0
DA:91,11
DA:92,1
DA:93,1
DA:95,1
DA:96,0
DA:102,1
DA:103,0
DA:109,1
DA:114,1
DA:119,0
DA:123,11
DA:124,1
DA:125,1
DA:127,1
DA:128,0
DA:134,1
DA:135,0
DA:141,1
DA:143,1
DA:148,0
LF:51
LH:40
BRDA:5,0,0,3
BRDA:5,0,1,3
BRDA:6,1,0,3
BRDA:6,1,1,3
BRDA:11,2,0,1
BRDA:11,2,1,2
BRDA:15,3,0,1
BRDA:15,3,1,2
BRDA:19,4,0,0
BRDA:19,4,1,3
BRDA:23,5,0,0
BRDA:23,5,1,3
BRDA:61,6,0,1
BRDA:61,6,1,1
BRDA:95,7,0,0
BRDA:95,7,1,1
BRDA:102,8,0,0
BRDA:102,8,1,1
BRDA:102,9,0,1
BRDA:102,9,1,0
BRDA:127,10,0,0
BRDA:127,10,1,1
BRDA:134,11,0,0
BRDA:134,11,1,1
BRDA:134,12,0,1
BRDA:134,12,1,0
BRF:26
BRH:18
end_of_record
TN:
SF:src\controllers\adminUserController.js
FN:3,(anonymous_0)
FN:44,(anonymous_1)
FN:64,(anonymous_2)
FN:103,(anonymous_3)
FN:133,(anonymous_4)
FN:165,(anonymous_5)
FNF:6
FNH:0
FNDA:0,(anonymous_0)
FNDA:0,(anonymous_1)
FNDA:0,(anonymous_2)
FNDA:0,(anonymous_3)
FNDA:0,(anonymous_4)
FNDA:0,(anonymous_5)
DA:3,11
DA:4,0
DA:5,0
DA:6,0
DA:7,0
DA:9,0
DA:11,0
DA:12,0
DA:18,0
DA:19,0
DA:22,0
DA:23,0
DA:29,0
DA:40,0
DA:44,11
DA:45,0
DA:46,0
DA:48,0
DA:49,0
DA:55,0
DA:60,0
DA:64,11
DA:65,0
DA:66,0
DA:68,0
DA:70,0
DA:71,0
DA:78,0
DA:79,0
DA:80,0
DA:81,0
DA:88,0
DA:94,0
DA:99,0
DA:103,11
DA:104,0
DA:105,0
DA:107,0
DA:108,0
DA:115,0
DA:116,0
DA:122,0
DA:124,0
DA:129,0
DA:133,11
DA:134,0
DA:135,0
DA:137,0
DA:138,0
DA:144,0
DA:146,0
DA:147,0
DA:153,0
DA:154,0
DA:156,0
DA:161,0
DA:165,11
DA:166,0
DA:167,0
DA:169,0
DA:174,0
LF:61
LH:6
BRDA:5,0,0,0
BRDA:5,0,1,0
BRDA:6,1,0,0
BRDA:6,1,1,0
BRDA:11,2,0,0
BRDA:11,2,1,0
BRDA:18,3,0,0
BRDA:18,3,1,0
BRDA:48,4,0,0
BRDA:48,4,1,0
BRDA:70,5,0,0
BRDA:70,5,1,0
BRDA:78,6,0,0
BRDA:78,6,1,0
BRDA:78,7,0,0
BRDA:78,7,1,0
BRDA:80,8,0,0
BRDA:80,8,1,0
BRDA:107,9,0,0
BRDA:107,9,1,0
BRDA:115,10,0,0
BRDA:115,10,1,0
BRDA:137,11,0,0
BRDA:137,11,1,0
BRDA:137,12,0,0
BRDA:137,12,1,0
BRDA:146,13,0,0
BRDA:146,13,1,0
BRF:28
BRH:0
end_of_record
TN:
SF:src\controllers\attachmentController.js
FN:23,(anonymous_0)
FN:53,(anonymous_1)
FN:102,(anonymous_2)
FN:172,(anonymous_3)
FNF:4
FNH:0
FNDA:0,(anonymous_0)
FNDA:0,(anonymous_1)
FNDA:0,(anonymous_2)
FNDA:0,(anonymous_3)
DA:5,11
DA:8,11
DA:23,11
DA:24,0
DA:25,0
DA:27,0
DA:28,0
DA:34,0
DA:43,0
DA:48,0
DA:53,11
DA:54,0
DA:55,0
DA:57,0
DA:58,0
DA:65,0
DA:66,0
DA:81,0
DA:82,0
DA:83,0
DA:84,0
DA:88,0
DA:89,0
DA:92,0
DA:97,0
DA:102,11
DA:103,0
DA:104,0
DA:106,0
DA:107,0
DA:113,0
DA:114,0
DA:121,0
DA:122,0
DA:129,0
DA:130,0
DA:136,0
DA:149,0
DA:159,0
DA:160,0
DA:162,0
DA:167,0
DA:172,11
DA:173,0
DA:174,0
DA:176,0
DA:177,0
DA:183,0
DA:184,0
DA:190,0
DA:192,0
DA:197,0
LF:52
LH:6
BRDA:27,0,0,0
BRDA:27,0,1,0
BRDA:27,1,0,0
BRDA:27,1,1,0
BRDA:57,2,0,0
BRDA:57,2,1,0
BRDA:65,3,0,0
BRDA:65,3,1,0
BRDA:81,4,0,0
BRDA:81,4,1,0
BRDA:88,5,0,0
BRDA:88,5,1,0
BRDA:106,6,0,0
BRDA:106,6,1,0
BRDA:106,7,0,0
BRDA:106,7,1,0
BRDA:113,8,0,0
BRDA:113,8,1,0
BRDA:121,9,0,0
BRDA:121,9,1,0
BRDA:129,10,0,0
BRDA:129,10,1,0
BRDA:137,11,0,0
BRDA:137,11,1,0
BRDA:176,12,0,0
BRDA:176,12,1,0
BRDA:183,13,0,0
BRDA:183,13,1,0
BRDA:183,14,0,0
BRDA:183,14,1,0
BRF:30
BRH:0
end_of_record
TN:
SF:src\controllers\auditController.js
FN:6,(anonymous_0)
FN:38,(anonymous_1)
FNF:2
FNH:0
FNDA:0,(anonymous_0)
FNDA:0,(anonymous_1)
DA:6,11
DA:7,0
DA:8,0
DA:9,0
DA:11,0
DA:12,0
DA:13,0
DA:19,0
DA:26,0
DA:31,0
DA:38,11
DA:39,0
DA:40,0
DA:41,0
DA:43,0
DA:48,0
DA:53,0
LF:17
LH:2
BRDA:12,0,0,0
BRDA:12,0,1,0
BRDA:41,1,0,0
BRDA:41,1,1,0
BRF:4
BRH:0
end_of_record
TN:
SF:src\controllers\authController.js
FN:5,(anonymous_0)
FN:11,(anonymous_1)
FN:38,(anonymous_2)
FN:63,(anonymous_3)
FN:104,(anonymous_4)
FN:116,(anonymous_5)
FN:128,(anonymous_6)
FNF:7
FNH:5
FNDA:78,(anonymous_0)
FNDA:78,(anonymous_1)
FNDA:4,(anonymous_2)
FNDA:80,(anonymous_3)
FNDA:0,(anonymous_4)
FNDA:2,(anonymous_5)
FNDA:0,(anonymous_6)
DA:5,11
DA:6,78
DA:11,11
DA:12,78
DA:14,78
DA:21,78
DA:38,11
DA:39,4
DA:40,4
DA:42,4
DA:43,4
DA:44,2
DA:51,2
DA:52,2
DA:53,2
DA:56,2
DA:57,2
DA:59,0
DA:63,11
DA:64,80
DA:65,80
DA:67,80
DA:68,0
DA:74,80
DA:76,80
DA:77,2
DA:83,78
DA:84,0
DA:90,78
DA:91,78
DA:92,2
DA:98,76
DA:100,0
DA:104,11
DA:105,0
DA:110,0
DA:116,11
DA:117,2
DA:118,2
DA:119,2
DA:124,0
DA:128,11
DA:129,0
LF:43
LH:35
BRDA:7,0,0,78
BRDA:7,0,1,78
BRDA:43,1,0,2
BRDA:43,1,1,2
BRDA:52,2,0,2
BRDA:52,2,1,0
BRDA:67,3,0,0
BRDA:67,3,1,80
BRDA:67,4,0,80
BRDA:67,4,1,80
BRDA:76,5,0,2
BRDA:76,5,1,78
BRDA:83,6,0,0
BRDA:83,6,1,78
BRDA:91,7,0,2
BRDA:91,7,1,76
BRF:16
BRH:13
end_of_record
TN:
SF:src\controllers\contactController.js
FN:4,(anonymous_0)
FN:43,(anonymous_1)
FN:65,(anonymous_2)
FN:75,(anonymous_3)
FN:93,(anonymous_4)
FN:141,(anonymous_5)
FNF:6
FNH:5
FNDA:2,(anonymous_0)
FNDA:0,(anonymous_1)
FNDA:2,(anonymous_2)
FNDA:11,(anonymous_3)
FNDA:1,(anonymous_4)
FNDA:1,(anonymous_5)
DA:4,11
DA:5,2
DA:6,2
DA:7,2
DA:8,2
DA:10,2
DA:12,2
DA:13,0
DA:16,2
DA:17,1
DA:20,2
DA:21,2
DA:28,2
DA:39,0
DA:43,11
DA:44,0
DA:45,0
DA:49,0
DA:50,0
DA:56,0
DA:61,0
DA:65,11
DA:66,2
DA:67,2
DA:68,2
DA:71,2
DA:75,11
DA:84,2
DA:89,0
DA:93,11
DA:94,1
DA:95,1
DA:97,1
DA:98,0
DA:104,1
DA:105,0
DA:112,1
DA:114,1
DA:120,1
DA:121,1
DA:122,1
DA:132,1
DA:137,0
DA:141,11
DA:142,1
DA:143,1
DA:145,1
DA:146,0
DA:152,1
DA:153,0
DA:160,1
DA:169,1
DA:171,1
DA:176,0
LF:54
LH:39
BRDA:6,0,0,2
BRDA:6,0,1,2
BRDA:7,1,0,2
BRDA:7,1,1,2
BRDA:12,2,0,0
BRDA:12,2,1,2
BRDA:16,3,0,1
BRDA:16,3,1,1
BRDA:49,4,0,0
BRDA:49,4,1,0
BRDA:97,5,0,0
BRDA:97,5,1,1
BRDA:104,6,0,0
BRDA:104,6,1,1
BRDA:104,7,0,1
BRDA:104,7,1,0
BRDA:121,8,0,1
BRDA:121,8,1,0
BRDA:145,9,0,0
BRDA:145,9,1,1
BRDA:152,10,0,0
BRDA:152,10,1,1
BRDA:152,11,0,1
BRDA:152,11,1,0
BRF:24
BRH:14
end_of_record
TN:
SF:src\controllers\customFieldController.js
FN:4,(anonymous_0)
FN:15,(anonymous_1)
FN:30,(anonymous_2)
FN:50,(anonymous_3)
FN:100,(anonymous_4)
FN:138,(anonymous_5)
FN:168,(anonymous_6)
FN:175,(anonymous_7)
FNF:8
FNH:0
FNDA:0,(anonymous_0)
FNDA:0,(anonymous_1)
FNDA:0,(anonymous_2)
FNDA:0,(anonymous_3)
FNDA:0,(anonymous_4)
FNDA:0,(anonymous_5)
FNDA:0,(anonymous_6)
FNDA:0,(anonymous_7)
DA:4,11
DA:5,0
DA:6,0
DA:11,0
DA:15,11
DA:16,0
DA:17,0
DA:19,0
DA:21,0
DA:26,0
DA:30,11
DA:31,0
DA:32,0
DA:34,0
DA:35,0
DA:41,0
DA:46,0
DA:50,11
DA:51,0
DA:52,0
DA:55,0
DA:56,0
DA:57,0
DA:64,0
DA:65,0
DA:66,0
DA:73,0
DA:74,0
DA:76,0
DA:91,0
DA:96,0
DA:100,11
DA:101,0
DA:102,0
DA:104,0
DA:106,0
DA:107,0
DA:113,0
DA:129,0
DA:134,0
DA:138,11
DA:139,0
DA:140,0
DA:142,0
DA:143,0
DA:150,0
DA:151,0
DA:157,0
DA:159,0
DA:164,0
DA:168,11
DA:169,0
DA:170,0
DA:171,0
DA:174,0
DA:176,0
DA:180,0
DA:185,0
LF:58
LH:7
BRDA:34,0,0,0
BRDA:34,0,1,0
BRDA:56,1,0,0
BRDA:56,1,1,0
BRDA:65,2,0,0
BRDA:65,2,1,0
BRDA:74,3,0,0
BRDA:74,3,1,0
BRDA:81,4,0,0
BRDA:81,4,1,0
BRDA:82,5,0,0
BRDA:82,5,1,0
BRDA:84,6,0,0
BRDA:84,6,1,0
BRDA:84,7,0,0
BRDA:84,7,1,0
BRDA:85,8,0,0
BRDA:85,8,1,0
BRDA:106,9,0,0
BRDA:106,9,1,0
BRDA:120,10,0,0
BRDA:120,10,1,0
BRDA:120,11,0,0
BRDA:120,11,1,0
BRDA:121,12,0,0
BRDA:121,12,1,0
BRDA:142,13,0,0
BRDA:142,13,1,0
BRDA:150,14,0,0
BRDA:150,14,1,0
BRF:30
BRH:0
end_of_record
TN:
SF:src\controllers\customObjectController.js
FN:4,(anonymous_0)
FN:10,(anonymous_1)
FN:28,(anonymous_2)
FN:53,(anonymous_3)
FN:97,(anonymous_4)
FN:132,(anonymous_5)
FNF:6
FNH:0
FNDA:0,(anonymous_0)
FNDA:0,(anonymous_1)
FNDA:0,(anonymous_2)
FNDA:0,(anonymous_3)
FNDA:0,(anonymous_4)
FNDA:0,(anonymous_5)
DA:4,11
DA:5,0
DA:6,0
DA:9,0
DA:11,0
DA:12,0
DA:19,0
DA:24,0
DA:28,11
DA:29,0
DA:30,0
DA:32,0
DA:33,0
DA:39,0
DA:41,0
DA:49,0
DA:53,11
DA:54,0
DA:55,0
DA:58,0
DA:59,0
DA:60,0
DA:66,0
DA:79,0
DA:88,0
DA:93,0
DA:97,11
DA:98,0
DA:99,0
DA:101,0
DA:103,0
DA:104,0
DA:110,0
DA:111,0
DA:117,0
DA:123,0
DA:128,0
DA:132,11
DA:133,0
DA:134,0
DA:136,0
DA:137,0
DA:143,0
DA:144,0
DA:151,0
DA:153,0
DA:155,0
DA:160,0
LF:48
LH:5
BRDA:32,0,0,0
BRDA:32,0,1,0
BRDA:59,1,0,0
BRDA:59,1,1,0
BRDA:69,2,0,0
BRDA:69,2,1,0
BRDA:103,3,0,0
BRDA:103,3,1,0
BRDA:110,4,0,0
BRDA:110,4,1,0
BRDA:136,5,0,0
BRDA:136,5,1,0
BRDA:143,6,0,0
BRDA:143,6,1,0
BRF:14
BRH:0
end_of_record
TN:
SF:src\controllers\leadController.js
FN:4,(anonymous_0)
FN:46,(anonymous_1)
FN:66,(anonymous_2)
FN:76,(anonymous_3)
FN:94,(anonymous_4)
FN:142,(anonymous_5)
FN:181,(anonymous_6)
FNF:7
FNH:7
FNDA:3,(anonymous_0)
FNDA:2,(anonymous_1)
FNDA:2,(anonymous_2)
FNDA:11,(anonymous_3)
FNDA:1,(anonymous_4)
FNDA:1,(anonymous_5)
FNDA:5,(anonymous_6)
DA:4,11
DA:5,3
DA:6,3
DA:7,3
DA:8,3
DA:10,3
DA:12,3
DA:13,0
DA:16,3
DA:17,1
DA:20,3
DA:21,1
DA:24,3
DA:25,3
DA:31,3
DA:42,0
DA:46,11
DA:47,2
DA:48,2
DA:50,2
DA:51,1
DA:57,1
DA:62,0
DA:66,11
DA:67,2
DA:68,2
DA:69,2
DA:72,2
DA:76,11
DA:85,2
DA:90,0
DA:94,11
DA:95,1
DA:96,1
DA:98,1
DA:99,0
DA:105,1
DA:106,0
DA:113,1
DA:115,1
DA:121,1
DA:122,1
DA:123,1
DA:133,1
DA:138,0
DA:142,11
DA:143,1
DA:144,1
DA:146,1
DA:147,0
DA:153,1
DA:154,0
DA:161,1
DA:170,1
DA:172,1
DA:177,0
DA:181,11
DA:182,5
DA:183,5
DA:185,5
DA:186,1
DA:192,4
DA:193,0
DA:199,4
DA:200,1
DA:207,3
DA:208,3
DA:209,3
DA:211,3
DA:213,3
DA:214,3
DA:215,3
DA:218,3
DA:219,1
DA:228,1
DA:239,3
DA:251,3
DA:264,3
DA:265,1
DA:276,1
DA:287,3
DA:288,3
DA:289,3
DA:290,3
DA:295,3
DA:298,3
DA:309,3
DA:319,0
LF:88
LH:76
BRDA:6,0,0,3
BRDA:6,0,1,3
BRDA:7,1,0,3
BRDA:7,1,1,3
BRDA:12,2,0,0
BRDA:12,2,1,3
BRDA:16,3,0,1
BRDA:16,3,1,2
BRDA:20,4,0,1
BRDA:20,4,1,2
BRDA:50,5,0,1
BRDA:50,5,1,1
BRDA:98,6,0,0
BRDA:98,6,1,1
BRDA:105,7,0,0
BRDA:105,7,1,1
BRDA:105,8,0,1
BRDA:105,8,1,0
BRDA:122,9,0,1
BRDA:122,9,1,0
BRDA:146,10,0,0
BRDA:146,10,1,1
BRDA:153,11,0,0
BRDA:153,11,1,1
BRDA:153,12,0,1
BRDA:153,12,1,0
BRDA:185,13,0,1
BRDA:185,13,1,4
BRDA:192,14,0,0
BRDA:192,14,1,4
BRDA:192,15,0,4
BRDA:192,15,1,0
BRDA:199,16,0,1
BRDA:199,16,1,3
BRDA:218,17,0,1
BRDA:218,17,1,2
BRDA:218,18,0,3
BRDA:218,18,1,1
BRDA:221,19,0,1
BRDA:221,19,1,1
BRDA:222,20,0,1
BRDA:222,20,1,1
BRDA:223,21,0,1
BRDA:223,21,1,1
BRDA:245,22,0,3
BRDA:245,22,1,2
BRDA:264,23,0,1
BRDA:264,23,1,2
BRDA:264,24,0,3
BRDA:264,24,1,1
BRDA:264,24,2,1
BRF:51
BRH:41
end_of_record
TN:
SF:src\controllers\noteController.js
FN:5,(anonymous_0)
FN:34,(anonymous_1)
FN:56,(anonymous_2)
FN:89,(anonymous_3)
FN:123,(anonymous_4)
FNF:5
FNH:4
FNDA:2,(anonymous_0)
FNDA:0,(anonymous_1)
FNDA:3,(anonymous_2)
FNDA:1,(anonymous_3)
FNDA:1,(anonymous_4)
DA:5,11
DA:6,2
DA:7,2
DA:9,2
DA:10,1
DA:16,1
DA:24,1
DA:29,0
DA:34,11
DA:35,0
DA:36,0
DA:39,0
DA:40,0
DA:46,0
DA:51,0
DA:56,11
DA:57,3
DA:58,3
DA:60,3
DA:70,1
DA:79,1
DA:84,2
DA:89,11
DA:90,1
DA:91,1
DA:93,1
DA:94,0
DA:100,1
DA:101,0
DA:107,1
DA:113,1
DA:118,0
DA:123,11
DA:124,1
DA:125,1
DA:127,1
DA:128,0
DA:134,1
DA:135,0
DA:141,1
DA:143,1
DA:148,0
LF:42
LH:29
BRDA:9,0,0,1
BRDA:9,0,1,1
BRDA:9,1,0,2
BRDA:9,1,1,1
BRDA:39,2,0,0
BRDA:39,2,1,0
BRDA:93,3,0,0
BRDA:93,3,1,1
BRDA:100,4,0,0
BRDA:100,4,1,1
BRDA:100,5,0,1
BRDA:100,5,1,0
BRDA:127,6,0,0
BRDA:127,6,1,1
BRDA:134,7,0,0
BRDA:134,7,1,1
BRDA:134,8,0,1
BRDA:134,8,1,0
BRF:18
BRH:10
end_of_record
TN:
SF:src\controllers\opportunityController.js
FN:4,(anonymous_0)
FN:47,(anonymous_1)
FN:69,(anonymous_2)
FN:79,(anonymous_3)
FN:97,(anonymous_4)
FN:145,(anonymous_5)
FNF:6
FNH:5
FNDA:3,(anonymous_0)
FNDA:0,(anonymous_1)
FNDA:7,(anonymous_2)
FNDA:30,(anonymous_3)
FNDA:1,(anonymous_4)
FNDA:1,(anonymous_5)
DA:4,11
DA:5,3
DA:6,3
DA:7,3
DA:8,3
DA:10,3
DA:12,3
DA:13,0
DA:16,3
DA:17,1
DA:20,3
DA:21,1
DA:24,3
DA:25,3
DA:32,3
DA:43,0
DA:47,11
DA:48,0
DA:49,0
DA:53,0
DA:54,0
DA:60,0
DA:65,0
DA:69,11
DA:70,7
DA:71,7
DA:72,7
DA:75,7
DA:79,30
DA:88,7
DA:93,0
DA:97,11
DA:98,1
DA:99,1
DA:101,1
DA:102,0
DA:108,1
DA:109,0
DA:116,1
DA:118,1
DA:124,1
DA:125,1
DA:126,1
DA:136,1
DA:141,0
DA:145,11
DA:146,1
DA:147,1
DA:149,1
DA:150,0
DA:156,1
DA:157,0
DA:164,1
DA:173,1
DA:175,1
DA:180,0
LF:56
LH:41
BRDA:6,0,0,3
BRDA:6,0,1,3
BRDA:7,1,0,3
BRDA:7,1,1,3
BRDA:12,2,0,0
BRDA:12,2,1,3
BRDA:16,3,0,1
BRDA:16,3,1,2
BRDA:20,4,0,1
BRDA:20,4,1,2
BRDA:53,5,0,0
BRDA:53,5,1,0
BRDA:101,6,0,0
BRDA:101,6,1,1
BRDA:108,7,0,0
BRDA:108,7,1,1
BRDA:108,8,0,1
BRDA:108,8,1,0
BRDA:125,9,0,1
BRDA:125,9,1,0
BRDA:149,10,0,0
BRDA:149,10,1,1
BRDA:156,11,0,0
BRDA:156,11,1,1
BRDA:156,12,0,1
BRDA:156,12,1,0
BRF:26
BRH:16
end_of_record
TN:
SF:src\controllers\organizationController.js
FN:3,(anonymous_0)
FN:15,(anonymous_1)
FN:25,(anonymous_2)
FNF:3
FNH:0
FNDA:0,(anonymous_0)
FNDA:0,(anonymous_1)
FNDA:0,(anonymous_2)
DA:3,11
DA:4,0
DA:5,0
DA:6,0
DA:11,0
DA:15,11
DA:16,0
DA:17,0
DA:20,0
DA:25,0
DA:26,0
DA:27,0
DA:31,0
DA:33,0
DA:38,0
LF:15
LH:2
BRDA:26,0,0,0
BRDA:26,0,1,0
BRF:2
BRH:0
end_of_record
TN:
SF:src\controllers\reportController.js
FN:10,(anonymous_0)
FN:26,(anonymous_1)
FN:28,(anonymous_2)
FN:29,(anonymous_3)
FN:49,(anonymous_4)
FN:62,(anonymous_5)
FN:78,(anonymous_6)
FN:102,(anonymous_7)
FN:137,(anonymous_8)
FN:147,(anonymous_9)
FNF:10
FNH:8
FNDA:2,(anonymous_0)
FNDA:4,(anonymous_1)
FNDA:6,(anonymous_2)
FNDA:6,(anonymous_3)
FNDA:2,(anonymous_4)
FNDA:6,(anonymous_5)
FNDA:0,(anonymous_6)
FNDA:2,(anonymous_7)
FNDA:6,(anonymous_8)
FNDA:0,(anonymous_9)
DA:10,11
DA:11,2
DA:12,2
DA:25,2
DA:26,4
DA:28,6
DA:29,6
DA:31,2
DA:43,0
DA:49,11
DA:50,2
DA:51,2
DA:62,6
DA:64,2
DA:72,0
DA:78,11
DA:79,0
DA:80,0
DA:91,0
DA:96,0
DA:102,11
DA:103,2
DA:104,2
DA:106,2
DA:108,2
DA:109,0
DA:110,0
DA:111,0
DA:114,2
DA:126,2
DA:132,2
DA:137,6
DA:141,0
DA:147,11
DA:148,0
DA:149,0
DA:168,0
DA:173,0
DA:190,0
LF:39
LH:24
BRDA:38,0,0,2
BRDA:38,0,1,0
BRDA:108,1,0,0
BRDA:108,1,1,2
BRDA:108,2,0,2
BRDA:108,2,1,2
BRDA:110,3,0,0
BRDA:110,3,1,0
BRDA:111,4,0,0
BRDA:111,4,1,0
BRDA:183,5,0,0
BRDA:183,5,1,0
BRF:12
BRH:4
end_of_record
TN:
SF:src\controllers\searchController.js
FN:10,(anonymous_0)
FNF:1
FNH:0
FNDA:0,(anonymous_0)
DA:10,11
DA:11,0
DA:12,0
DA:14,0
DA:15,0
DA:28,0
DA:29,0
DA:32,0
DA:44,0
DA:57,0
DA:70,0
DA:81,0
DA:91,0
DA:103,0
DA:115,0
LF:15
LH:1
BRDA:14,0,0,0
BRDA:14,0,1,0
BRDA:14,1,0,0
BRDA:14,1,1,0
BRF:4
BRH:0
end_of_record
TN:
SF:src\controllers\taskController.js
FN:3,(anonymous_0)
FN:57,(anonymous_1)
FN:81,(anonymous_2)
FN:95,(anonymous_3)
FN:127,(anonymous_4)
FNF:5
FNH:5
FNDA:3,(anonymous_0)
FNDA:2,(anonymous_1)
FNDA:8,(anonymous_2)
FNDA:1,(anonymous_3)
FNDA:1,(anonymous_4)
DA:3,11
DA:4,3
DA:5,3
DA:6,3
DA:7,3
DA:9,3
DA:11,3
DA:12,1
DA:15,3
DA:16,1
DA:19,3
DA:20,0
DA:23,3
DA:24,0
DA:27,3
DA:28,0
DA:31,3
DA:32,3
DA:42,3
DA:53,0
DA:57,11
DA:58,2
DA:59,2
DA:65,2
DA:66,1
DA:72,1
DA:77,0
DA:81,11
DA:82,8
DA:83,8
DA:84,8
DA:86,8
DA:91,0
DA:95,11
DA:96,1
DA:97,1
DA:99,1
DA:100,0
DA:106,1
DA:107,0
DA:113,1
DA:118,1
DA:123,0
DA:127,11
DA:128,1
DA:129,1
DA:131,1
DA:132,0
DA:138,1
DA:139,0
DA:145,1
DA:147,1
DA:152,0
LF:53
LH:41
BRDA:5,0,0,3
BRDA:5,0,1,3
BRDA:6,1,0,3
BRDA:6,1,1,3
BRDA:11,2,0,1
BRDA:11,2,1,2
BRDA:15,3,0,1
BRDA:15,3,1,2
BRDA:19,4,0,0
BRDA:19,4,1,3
BRDA:23,5,0,0
BRDA:23,5,1,3
BRDA:27,6,0,0
BRDA:27,6,1,3
BRDA:65,7,0,1
BRDA:65,7,1,1
BRDA:99,8,0,0
BRDA:99,8,1,1
BRDA:106,9,0,0
BRDA:106,9,1,1
BRDA:106,10,0,1
BRDA:106,10,1,0
BRDA:131,11,0,0
BRDA:131,11,1,1
BRDA:138,12,0,0
BRDA:138,12,1,1
BRDA:138,13,0,1
BRDA:138,13,1,0
BRF:28
BRH:19
end_of_record
TN:
SF:src\middleware\auth.js
FN:4,(anonymous_0)
FN:39,(anonymous_1)
FN:40,(anonymous_2)
FNF:3
FNH:2
FNDA:91,(anonymous_0)
FNDA:33,(anonymous_1)
FNDA:0,(anonymous_2)
DA:4,11
DA:5,91
DA:9,91
DA:10,88
DA:13,3
DA:14,0
DA:17,91
DA:18,3
DA:24,88
DA:25,88
DA:26,87
DA:27,87
DA:29,1
DA:35,0
DA:39,11
DA:40,33
DA:41,0
DA:42,0
DA:47,0
LF:19
LH:14
BRDA:9,0,0,88
BRDA:9,0,1,3
BRDA:13,1,0,0
BRDA:13,1,1,3
BRDA:17,2,0,3
BRDA:17,2,1,88
BRDA:41,3,0,0
BRDA:41,3,1,0
BRF:8
BRH:5
end_of_record
TN:
SF:src\middleware\error.js
FN:1,(anonymous_0)
FN:22,(anonymous_1)
FNF:2
FNH:2
FNDA:2,(anonymous_0)
FNDA:4,(anonymous_1)
DA:1,11
DA:2,2
DA:3,2
DA:6,2
DA:9,2
DA:10,0
DA:11,0
DA:15,2
DA:16,0
DA:17,0
DA:21,2
DA:22,4
DA:23,2
DA:26,2
LF:14
LH:10
BRDA:9,0,0,0
BRDA:9,0,1,2
BRDA:15,1,0,0
BRDA:15,1,1,2
BRDA:21,2,0,2
BRDA:21,2,1,0
BRDA:26,3,0,2
BRDA:26,3,1,0
BRDA:28,4,0,2
BRDA:28,4,1,0
BRF:10
BRH:5
end_of_record
TN:
SF:src\middleware\validate.js
FN:3,(anonymous_0)
FNF:1
FNH:1
FNDA:122,(anonymous_0)
DA:3,11
DA:4,122
DA:5,122
DA:6,7
DA:11,115
LF:5
LH:5
BRDA:5,0,0,7
BRDA:5,0,1,115
BRF:2
BRH:2
end_of_record
TN:
SF:src\middleware\validators.js
FNF:0
FNH:0
DA:3,11
DA:9,11
DA:14,11
DA:19,11
DA:25,11
DA:40,11
DA:50,11
DA:56,11
DA:69,11
LF:9
LH:9
BRF:0
BRH:0
end_of_record
TN:
SF:src\models\Account.js
FNF:0
FNH:0
DA:3,11
DA:44,11
DA:46,11
LF:3
LH:3
BRF:0
BRH:0
end_of_record
TN:
SF:src\models\Activity.js
FNF:0
FNH:0
DA:3,11
DA:53,11
DA:54,11
DA:56,11
LF:4
LH:4
BRF:0
BRH:0
end_of_record
TN:
SF:src\models\Attachment.js
FNF:0
FNH:0
DA:3,11
DA:58,11
DA:59,11
DA:61,11
LF:4
LH:4
BRF:0
BRH:0
end_of_record
TN:
SF:src\models\AuditLog.js
FNF:0
FNH:0
DA:3,11
DA:57,11
DA:58,11
DA:60,11
LF:4
LH:4
BRF:0
BRH:0
end_of_record
TN:
SF:src\models\Contact.js
FN:51,(anonymous_0)
FNF:1
FNH:0
FNDA:0,(anonymous_0)
DA:3,11
DA:48,11
DA:51,11
DA:52,0
DA:55,11
LF:5
LH:4
BRF:0
BRH:0
end_of_record
TN:
SF:src\models\CustomField.js
FNF:0
FNH:0
DA:3,11
DA:21,11
DA:87,11
DA:89,11
LF:4
LH:4
BRF:0
BRH:0
end_of_record
TN:
SF:src\models\CustomObject.js
FNF:0
FNH:0
DA:3,11
DA:70,11
DA:79,11
LF:3
LH:3
BRF:0
BRH:0
end_of_record
TN:
SF:src\models\Lead.js
FN:78,(anonymous_0)
FNF:1
FNH:0
FNDA:0,(anonymous_0)
DA:3,11
DA:75,11
DA:78,11
DA:79,0
DA:82,11
LF:5
LH:4
BRF:0
BRH:0
end_of_record
TN:
SF:src\models\Note.js
FNF:0
FNH:0
DA:3,11
DA:44,11
DA:45,11
DA:47,11
LF:4
LH:4
BRF:0
BRH:0
end_of_record
TN:
SF:src\models\Opportunity.js
FN:51,(anonymous_0)
FNF:1
FNH:1
FNDA:37,(anonymous_0)
DA:3,11
DA:48,11
DA:51,11
DA:52,37
DA:61,37
DA:62,37
DA:64,37
DA:67,11
LF:8
LH:8
BRDA:61,0,0,37
BRDA:61,0,1,0
BRF:2
BRH:1
end_of_record
TN:
SF:src\models\Organization.js
FN:63,(anonymous_0)
FNF:1
FNH:0
FNDA:0,(anonymous_0)
DA:3,11
DA:63,11
DA:64,0
DA:65,0
DA:66,0
DA:68,0
DA:71,11
LF:7
LH:3
BRDA:65,0,0,0
BRDA:65,0,1,0
BRF:2
BRH:0
end_of_record
TN:
SF:src\models\Task.js
FNF:0
FNH:0
DA:3,11
DA:55,11
DA:56,11
DA:58,11
LF:4
LH:4
BRF:0
BRH:0
end_of_record
TN:
SF:src\models\User.js
FN:50,(anonymous_0)
FN:61,(anonymous_1)
FNF:2
FNH:2
FNDA:83,(anonymous_0)
FNDA:78,(anonymous_1)
DA:4,11
DA:50,11
DA:51,83
DA:52,0
DA:54,83
DA:55,83
DA:56,83
DA:61,11
DA:62,78
DA:65,11
LF:10
LH:9
BRDA:51,0,0,0
BRDA:51,0,1,83
BRDA:54,1,0,83
BRDA:54,1,1,0
BRF:4
BRH:2
end_of_record
TN:
SF:src\routes\accountRoutes.js
FNF:0
FNH:0
DA:13,11
DA:15,11
DA:17,11
DA:21,11
LF:4
LH:4
BRF:0
BRH:0
end_of_record
TN:
SF:src\routes\activityRoutes.js
FNF:0
FNH:0
DA:13,11
DA:15,11
DA:17,11
DA:21,11
LF:4
LH:4
BRF:0
BRH:0
end_of_record
TN:
SF:src\routes\adminRoutes.js
FNF:0
FNH:0
DA:5,11
DA:7,11
DA:8,11
DA:10,11
LF:4
LH:4
BRF:0
BRH:0
end_of_record
TN:
SF:src\routes\attachmentRoutes.js
FNF:0
FNH:0
DA:11,11
DA:14,11
DA:22,11
DA:25,11
DA:26,11
DA:27,11
DA:28,11
LF:7
LH:7
BRF:0
BRH:0
end_of_record
TN:
SF:src\routes\auditRoutes.js
FNF:0
FNH:0
DA:5,11
DA:8,11
DA:11,11
DA:14,11
LF:4
LH:4
BRF:0
BRH:0
end_of_record
TN:
SF:src\routes\authRoutes.js
FNF:0
FNH:0
DA:8,11
DA:10,11
DA:11,11
DA:12,11
DA:13,11
DA:16,11
DA:20,11
DA:27,11
DA:31,11
LF:9
LH:9
BRF:0
BRH:0
end_of_record
TN:
SF:src\routes\contactRoutes.js
FNF:0
FNH:0
DA:13,11
DA:15,11
DA:17,11
DA:21,11
LF:4
LH:4
BRF:0
BRH:0
end_of_record
TN:
SF:src\routes\leadRoutes.js
FNF:0
FNH:0
DA:14,11
DA:16,11
DA:18,11
DA:22,11
DA:27,11
LF:5
LH:5
BRF:0
BRH:0
end_of_record
TN:
SF:src\routes\noteRoutes.js
FNF:0
FNH:0
DA:11,11
DA:14,11
DA:17,11
DA:18,11
DA:19,11
DA:20,11
DA:21,11
LF:7
LH:7
BRF:0
BRH:0
end_of_record
TN:
SF:src\routes\opportunityRoutes.js
FNF:0
FNH:0
DA:13,11
DA:15,11
DA:17,11
DA:21,11
LF:4
LH:4
BRF:0
BRH:0
end_of_record
TN:
SF:src\routes\reportRoutes.js
FNF:0
FNH:0
DA:11,11
DA:13,11
DA:15,11
DA:16,11
DA:17,11
DA:18,11
DA:19,11
LF:7
LH:7
BRF:0
BRH:0
end_of_record
TN:
SF:src\routes\searchRoutes.js
FNF:0
FNH:0
DA:5,11
DA:7,11
DA:9,11
LF:3
LH:3
BRF:0
BRH:0
end_of_record
TN:
SF:src\routes\setupRoutes.js
FNF:0
FNH:0
DA:20,11
DA:22,11
DA:23,11
DA:26,11
DA:30,11
DA:36,11
DA:39,11
DA:43,11
DA:48,11
LF:9
LH:9
BRF:0
BRH:0
end_of_record
TN:
SF:src\routes\taskRoutes.js
FNF:0
FNH:0
DA:13,11
DA:15,11
DA:17,11
DA:21,11
LF:4
LH:4
BRF:0
BRH:0
end_of_record
TN:
SF:src\routes\userAdminRoutes.js
FNF:0
FNH:0
DA:12,11
DA:14,11
DA:15,11
DA:17,11
DA:18,11
DA:19,11
DA:20,11
DA:21,11
DA:22,11
LF:9
LH:9
BRF:0
BRH:0
end_of_record
TN:
SF:src\utils\audit.js
FN:6,(anonymous_0)
FN:41,(anonymous_1)
FN:55,(anonymous_2)
FN:90,(anonymous_3)
FN:119,(anonymous_4)
FN:140,(anonymous_5)
FNF:6
FNH:3
FNDA:0,(anonymous_0)
FNDA:22,(anonymous_1)
FNDA:4,(anonymous_2)
FNDA:29,(anonymous_3)
FNDA:0,(anonymous_4)
FNDA:0,(anonymous_5)
DA:6,11
DA:7,0
DA:35,0
DA:41,11
DA:42,22
DA:43,20
DA:44,0
DA:46,20
DA:47,2
DA:49,18
DA:55,11
DA:56,4
DA:57,4
DA:63,4
DA:65,4
DA:66,36
DA:68,20
DA:69,20
DA:72,20
DA:73,20
DA:75,20
DA:76,11
DA:84,4
DA:90,11
DA:98,29
DA:99,29
DA:107,29
DA:108,29
DA:110,0
DA:112,0
DA:119,11
DA:125,0
DA:134,0
DA:140,11
DA:144,0
DA:151,0
LF:36
LH:27
BRDA:35,0,0,0
BRDA:35,0,1,0
BRDA:42,1,0,2
BRDA:42,1,1,20
BRDA:42,2,0,22
BRDA:42,2,1,22
BRDA:43,3,0,0
BRDA:43,3,1,20
BRDA:43,4,0,20
BRDA:43,4,1,2
BRDA:44,5,0,0
BRDA:44,5,1,0
BRDA:46,6,0,2
BRDA:46,6,1,18
BRDA:58,7,0,4
BRDA:58,7,1,0
BRDA:59,8,0,4
BRDA:59,8,1,0
BRDA:66,9,0,16
BRDA:66,9,1,20
BRDA:75,10,0,11
BRDA:75,10,1,9
BRDA:123,11,0,0
BRDA:142,12,0,0
BRF:24
BRH:15
end_of_record
